2026-07-10 15:03:55 INFO  Version - HV000001: Hibernate Validator 8.0.3.Final
2026-07-10 15:03:55 INFO  JobServiceApplication - Starting JobServiceApplication v0.0.1-SNAPSHOT using Java 21.0.11 with PID 1 (/app/app.jar started by root in /app)
2026-07-10 15:03:55 DEBUG JobServiceApplication - Running with Spring Boot v3.5.14, Spring v6.2.18
2026-07-10 15:03:55 INFO  JobServiceApplication - No active profile set, falling back to 1 default profile: "default"
2026-07-10 15:03:56 INFO  RepositoryConfigurationDelegate - Bootstrapping Spring Data JPA repositories in DEFAULT mode.
2026-07-10 15:03:57 INFO  RepositoryConfigurationDelegate - Finished Spring Data repository scanning in 151 ms. Found 1 JPA repository interface.
2026-07-10 15:03:57 INFO  GenericScope - BeanFactory id=da17e58e-5b73-3206-bed5-870faaf56e10
2026-07-10 15:03:58 INFO  TomcatWebServer - Tomcat initialized with port 8082 (http)
2026-07-10 15:03:58 INFO  Http11NioProtocol - Initializing ProtocolHandler ["http-nio-8082"]
2026-07-10 15:03:58 INFO  StandardService - Starting service [Tomcat]
2026-07-10 15:03:58 INFO  StandardEngine - Starting Servlet engine: [Apache Tomcat/10.1.54]
2026-07-10 15:03:58 INFO  [/] - Initializing Spring embedded WebApplicationContext
2026-07-10 15:03:58 INFO  ServletWebServerApplicationContext - Root WebApplicationContext: initialization completed in 2837 ms
2026-07-10 15:03:58 INFO  LogHelper - HHH000204: Processing PersistenceUnitInfo [name: default]
2026-07-10 15:03:58 INFO  Version - HHH000412: Hibernate ORM core version 6.6.49.Final
2026-07-10 15:03:58 INFO  RegionFactoryInitiator - HHH000026: Second-level cache disabled
2026-07-10 15:03:59 INFO  SpringPersistenceUnitInfo - No LoadTimeWeaver setup: ignoring JPA class transformer
2026-07-10 15:03:59 INFO  HikariDataSource - HikariPool-1 - Starting...
2026-07-10 15:04:00 INFO  HikariPool - HikariPool-1 - Added connection com.mysql.cj.jdbc.ConnectionImpl@1906f982
2026-07-10 15:04:00 INFO  HikariDataSource - HikariPool-1 - Start completed.
2026-07-10 15:04:00 WARN  deprecation - HHH90000025: MySQLDialect does not need to be specified explicitly using 'hibernate.dialect' (remove the property setting and it will be selected by default)
2026-07-10 15:04:00 INFO  pooling - HHH10001005: Database info:
	Database JDBC URL [Connecting through datasource 'HikariDataSource (HikariPool-1)']
	Database driver: undefined/unknown
	Database version: 8.4.10
	Autocommit mode: undefined/unknown
	Isolation level: undefined/unknown
	Minimum pool size: undefined/unknown
	Maximum pool size: undefined/unknown
2026-07-10 15:04:02 INFO  JtaPlatformInitiator - HHH000489: No JTA platform available (set 'hibernate.transaction.jta.platform' to enable JTA platform integration)
2026-07-10 15:04:02 INFO  LocalContainerEntityManagerFactoryBean - Initialized JPA EntityManagerFactory for persistence unit 'default'
2026-07-10 15:04:02 INFO  QueryEnhancerFactory - Hibernate is in classpath; If applicable, HQL parser will be used.
2026-07-10 15:04:04 WARN  JpaBaseConfiguration$JpaWebConfiguration - spring.jpa.open-in-view is enabled by default. Therefore, database queries may be performed during view rendering. Explicitly configure spring.jpa.open-in-view to disable this warning
2026-07-10 15:04:05 INFO  DiscoveryClientOptionalArgsConfiguration - Eureka HTTP Client uses RestTemplate.
2026-07-10 15:04:05 WARN  LoadBalancerCacheAutoConfiguration$LoadBalancerCaffeineWarnLogger - Spring Cloud LoadBalancer is currently working with the default cache. While this cache implementation is useful for development and tests, it's recommended to use Caffeine cache in production.You can switch to using Caffeine cache, by adding it and org.springframework.cache.caffeine.CaffeineCacheManager to the classpath.
2026-07-10 15:04:05 INFO  InstanceInfoFactory - Setting initial instance status as: STARTING
2026-07-10 15:04:05 INFO  DiscoveryClient - Initializing Eureka in region us-east-1
2026-07-10 15:04:05 INFO  ConfigClusterResolver - Resolving eureka endpoints via configuration
2026-07-10 15:04:05 INFO  DiscoveryClient - Disable delta property : false
2026-07-10 15:04:05 INFO  DiscoveryClient - Single vip registry refresh property : null
2026-07-10 15:04:05 INFO  DiscoveryClient - Force full registry fetch : false
2026-07-10 15:04:05 INFO  DiscoveryClient - Application is null : false
2026-07-10 15:04:05 INFO  DiscoveryClient - Registered Applications size is zero : true
2026-07-10 15:04:05 INFO  DiscoveryClient - Application version is -1: true
2026-07-10 15:04:05 INFO  DiscoveryClient - Getting all instance registry info from the eureka server
2026-07-10 15:04:05 INFO  DiscoveryClient - The response status is 200
2026-07-10 15:04:05 INFO  DiscoveryClient - Starting heartbeat executor: renew interval is: 30
2026-07-10 15:04:05 INFO  InstanceInfoReplicator - InstanceInfoReplicator onDemand update allowed rate per min is 4
2026-07-10 15:04:05 INFO  DiscoveryClient - Discovery Client initialized at timestamp 1783695845920 with initial instances count: 6
2026-07-10 15:04:05 INFO  EurekaServiceRegistry - Registering application JOB-SERVICE with eureka with status UP
2026-07-10 15:04:05 INFO  DiscoveryClient - Saw local status change event StatusChangeEvent [timestamp=1783695845928, current=UP, previous=STARTING]
2026-07-10 15:04:05 INFO  Http11NioProtocol - Starting ProtocolHandler ["http-nio-8082"]
2026-07-10 15:04:05 INFO  DiscoveryClient - DiscoveryClient_JOB-SERVICE/193c63fdccb7:JOB-SERVICE:8082: registering service...
2026-07-10 15:04:05 INFO  TomcatWebServer - Tomcat started on port 8082 (http) with context path '/'
2026-07-10 15:04:05 INFO  EurekaAutoServiceRegistration - Updating port to 8082
2026-07-10 15:04:05 INFO  JobServiceApplication - Started JobServiceApplication in 11.24 seconds (process running for 13.029)
2026-07-10 15:04:06 INFO  DiscoveryClient - DiscoveryClient_JOB-SERVICE/193c63fdccb7:JOB-SERVICE:8082 - registration status: 204
2026-07-10 15:05:30 INFO  EurekaServiceRegistry - Unregistering application JOB-SERVICE with eureka with status DOWN
2026-07-10 15:05:30 INFO  DiscoveryClient - Saw local status change event StatusChangeEvent [timestamp=1783695930433, current=DOWN, previous=UP]
2026-07-10 15:05:30 INFO  DiscoveryClient - DiscoveryClient_JOB-SERVICE/193c63fdccb7:JOB-SERVICE:8082: registering service...
2026-07-10 15:05:30 INFO  GracefulShutdown - Commencing graceful shutdown. Waiting for active requests to complete
2026-07-10 15:05:30 INFO  DiscoveryClient - DiscoveryClient_JOB-SERVICE/193c63fdccb7:JOB-SERVICE:8082 - registration status: 204
2026-07-10 15:05:30 INFO  GracefulShutdown - Graceful shutdown complete
2026-07-10 15:05:30 INFO  LocalContainerEntityManagerFactoryBean - Closing JPA EntityManagerFactory for persistence unit 'default'
2026-07-10 15:05:30 INFO  HikariDataSource - HikariPool-1 - Shutdown initiated...
2026-07-10 15:05:30 INFO  HikariDataSource - HikariPool-1 - Shutdown completed.
2026-07-10 15:05:30 INFO  DiscoveryClient - Shutting down DiscoveryClient ...
2026-07-10 15:05:34 INFO  Version - HV000001: Hibernate Validator 8.0.3.Final
2026-07-10 15:05:34 INFO  JobServiceApplication - Starting JobServiceApplication v0.0.1-SNAPSHOT using Java 21.0.11 with PID 1 (/app/app.jar started by root in /app)
2026-07-10 15:05:34 DEBUG JobServiceApplication - Running with Spring Boot v3.5.14, Spring v6.2.18
2026-07-10 15:05:34 INFO  JobServiceApplication - No active profile set, falling back to 1 default profile: "default"
2026-07-10 15:05:36 INFO  RepositoryConfigurationDelegate - Bootstrapping Spring Data JPA repositories in DEFAULT mode.
2026-07-10 15:05:36 INFO  RepositoryConfigurationDelegate - Finished Spring Data repository scanning in 184 ms. Found 1 JPA repository interface.
2026-07-10 15:05:36 INFO  GenericScope - BeanFactory id=da17e58e-5b73-3206-bed5-870faaf56e10
2026-07-10 15:05:37 INFO  TomcatWebServer - Tomcat initialized with port 8082 (http)
2026-07-10 15:05:37 INFO  Http11NioProtocol - Initializing ProtocolHandler ["http-nio-8082"]
2026-07-10 15:05:37 INFO  StandardService - Starting service [Tomcat]
2026-07-10 15:05:37 INFO  StandardEngine - Starting Servlet engine: [Apache Tomcat/10.1.54]
2026-07-10 15:05:37 INFO  [/] - Initializing Spring embedded WebApplicationContext
2026-07-10 15:05:37 INFO  ServletWebServerApplicationContext - Root WebApplicationContext: initialization completed in 2859 ms
2026-07-10 15:05:37 INFO  LogHelper - HHH000204: Processing PersistenceUnitInfo [name: default]
2026-07-10 15:05:38 INFO  Version - HHH000412: Hibernate ORM core version 6.6.49.Final
2026-07-10 15:05:38 INFO  RegionFactoryInitiator - HHH000026: Second-level cache disabled
2026-07-10 15:05:38 INFO  SpringPersistenceUnitInfo - No LoadTimeWeaver setup: ignoring JPA class transformer
2026-07-10 15:05:38 INFO  HikariDataSource - HikariPool-1 - Starting...
2026-07-10 15:05:39 INFO  HikariPool - HikariPool-1 - Added connection com.mysql.cj.jdbc.ConnectionImpl@2e91cf69
2026-07-10 15:05:39 INFO  HikariDataSource - HikariPool-1 - Start completed.
2026-07-10 15:05:39 WARN  deprecation - HHH90000025: MySQLDialect does not need to be specified explicitly using 'hibernate.dialect' (remove the property setting and it will be selected by default)
2026-07-10 15:05:39 INFO  pooling - HHH10001005: Database info:
	Database JDBC URL [Connecting through datasource 'HikariDataSource (HikariPool-1)']
	Database driver: undefined/unknown
	Database version: 8.4.10
	Autocommit mode: undefined/unknown
	Isolation level: undefined/unknown
	Minimum pool size: undefined/unknown
	Maximum pool size: undefined/unknown
2026-07-10 15:05:40 INFO  JtaPlatformInitiator - HHH000489: No JTA platform available (set 'hibernate.transaction.jta.platform' to enable JTA platform integration)
2026-07-10 15:05:40 INFO  LocalContainerEntityManagerFactoryBean - Initialized JPA EntityManagerFactory for persistence unit 'default'
2026-07-10 15:05:40 INFO  QueryEnhancerFactory - Hibernate is in classpath; If applicable, HQL parser will be used.
2026-07-10 15:05:42 WARN  JpaBaseConfiguration$JpaWebConfiguration - spring.jpa.open-in-view is enabled by default. Therefore, database queries may be performed during view rendering. Explicitly configure spring.jpa.open-in-view to disable this warning
2026-07-10 15:05:43 INFO  DiscoveryClientOptionalArgsConfiguration - Eureka HTTP Client uses RestTemplate.
2026-07-10 15:05:43 WARN  LoadBalancerCacheAutoConfiguration$LoadBalancerCaffeineWarnLogger - Spring Cloud LoadBalancer is currently working with the default cache. While this cache implementation is useful for development and tests, it's recommended to use Caffeine cache in production.You can switch to using Caffeine cache, by adding it and org.springframework.cache.caffeine.CaffeineCacheManager to the classpath.
2026-07-10 15:05:43 INFO  InstanceInfoFactory - Setting initial instance status as: STARTING
2026-07-10 15:05:43 INFO  DiscoveryClient - Initializing Eureka in region us-east-1
2026-07-10 15:05:43 INFO  ConfigClusterResolver - Resolving eureka endpoints via configuration
2026-07-10 15:05:43 INFO  DiscoveryClient - Disable delta property : false
2026-07-10 15:05:43 INFO  DiscoveryClient - Single vip registry refresh property : null
2026-07-10 15:05:43 INFO  DiscoveryClient - Force full registry fetch : false
2026-07-10 15:05:43 INFO  DiscoveryClient - Application is null : false
2026-07-10 15:05:43 INFO  DiscoveryClient - Registered Applications size is zero : true
2026-07-10 15:05:43 INFO  DiscoveryClient - Application version is -1: true
2026-07-10 15:05:43 INFO  DiscoveryClient - Getting all instance registry info from the eureka server
2026-07-10 15:05:44 INFO  DiscoveryClient - The response status is 200
2026-07-10 15:05:44 INFO  DiscoveryClient - Starting heartbeat executor: renew interval is: 30
2026-07-10 15:05:44 INFO  InstanceInfoReplicator - InstanceInfoReplicator onDemand update allowed rate per min is 4
2026-07-10 15:05:44 INFO  DiscoveryClient - Discovery Client initialized at timestamp 1783695944378 with initial instances count: 7
2026-07-10 15:05:44 INFO  EurekaServiceRegistry - Registering application JOB-SERVICE with eureka with status UP
2026-07-10 15:05:44 INFO  DiscoveryClient - Saw local status change event StatusChangeEvent [timestamp=1783695944389, current=UP, previous=STARTING]
2026-07-10 15:05:44 INFO  DiscoveryClient - DiscoveryClient_JOB-SERVICE/d0d57b86d652:JOB-SERVICE:8082: registering service...
2026-07-10 15:05:44 INFO  Http11NioProtocol - Starting ProtocolHandler ["http-nio-8082"]
2026-07-10 15:05:44 INFO  TomcatWebServer - Tomcat started on port 8082 (http) with context path '/'
2026-07-10 15:05:44 INFO  EurekaAutoServiceRegistration - Updating port to 8082
2026-07-10 15:05:44 INFO  JobServiceApplication - Started JobServiceApplication in 10.454 seconds (process running for 12.293)
2026-07-10 15:05:44 INFO  DiscoveryClient - DiscoveryClient_JOB-SERVICE/d0d57b86d652:JOB-SERVICE:8082 - registration status: 204
2026-07-10 15:06:49 INFO  [/] - Initializing Spring DispatcherServlet 'dispatcherServlet'
2026-07-10 15:06:49 INFO  DispatcherServlet - Initializing Servlet 'dispatcherServlet'
2026-07-10 15:06:49 INFO  DispatcherServlet - Completed initialization in 1 ms
2026-07-10 15:06:49 INFO  AbstractOpenApiResource - Init duration for springdoc-openapi is: 572 ms
2026-07-10 15:07:07 INFO  JobService - Fetching all jobs
2026-07-10 15:07:07 INFO  JobService - Fetched 0 jobs
2026-07-10 15:07:10 INFO  JobService - Fetching all jobs
2026-07-10 15:07:10 INFO  JobService - Fetched 0 jobs
2026-07-10 15:10:43 INFO  ConfigClusterResolver - Resolving eureka endpoints via configuration
2026-07-10 15:15:43 INFO  ConfigClusterResolver - Resolving eureka endpoints via configuration
2026-07-10 15:20:43 INFO  ConfigClusterResolver - Resolving eureka endpoints via configuration
2026-07-10 15:25:43 INFO  ConfigClusterResolver - Resolving eureka endpoints via configuration
2026-07-10 15:30:43 INFO  ConfigClusterResolver - Resolving eureka endpoints via configuration
2026-07-10 15:35:43 INFO  ConfigClusterResolver - Resolving eureka endpoints via configuration
2026-07-10 15:40:43 INFO  ConfigClusterResolver - Resolving eureka endpoints via configuration
2026-07-10 15:45:43 INFO  ConfigClusterResolver - Resolving eureka endpoints via configuration
2026-07-10 15:50:43 INFO  ConfigClusterResolver - Resolving eureka endpoints via configuration
2026-07-10 15:55:43 INFO  ConfigClusterResolver - Resolving eureka endpoints via configuration
2026-07-10 16:07:36 INFO  ConfigClusterResolver - Resolving eureka endpoints via configuration
2026-07-10 16:12:36 INFO  ConfigClusterResolver - Resolving eureka endpoints via configuration
2026-07-10 16:17:36 INFO  ConfigClusterResolver - Resolving eureka endpoints via configuration
2026-07-10 16:22:36 INFO  ConfigClusterResolver - Resolving eureka endpoints via configuration
2026-07-10 16:27:36 INFO  ConfigClusterResolver - Resolving eureka endpoints via configuration
2026-07-10 16:32:36 INFO  ConfigClusterResolver - Resolving eureka endpoints via configuration
2026-07-10 16:37:36 INFO  ConfigClusterResolver - Resolving eureka endpoints via configuration
2026-07-10 16:42:36 INFO  ConfigClusterResolver - Resolving eureka endpoints via configuration
2026-07-10 16:47:36 INFO  ConfigClusterResolver - Resolving eureka endpoints via configuration
2026-07-10 16:52:36 INFO  ConfigClusterResolver - Resolving eureka endpoints via configuration
2026-07-10 16:57:36 INFO  ConfigClusterResolver - Resolving eureka endpoints via configuration
2026-07-10 17:02:36 INFO  ConfigClusterResolver - Resolving eureka endpoints via configuration
2026-07-10 17:07:36 INFO  ConfigClusterResolver - Resolving eureka endpoints via configuration
2026-07-10 17:12:36 INFO  ConfigClusterResolver - Resolving eureka endpoints via configuration
2026-07-10 17:17:36 INFO  ConfigClusterResolver - Resolving eureka endpoints via configuration
2026-07-10 17:22:36 INFO  ConfigClusterResolver - Resolving eureka endpoints via configuration
2026-07-10 17:27:36 INFO  ConfigClusterResolver - Resolving eureka endpoints via configuration
2026-07-10 17:32:36 INFO  ConfigClusterResolver - Resolving eureka endpoints via configuration
2026-07-10 17:37:36 INFO  ConfigClusterResolver - Resolving eureka endpoints via configuration
2026-07-10 17:42:36 INFO  ConfigClusterResolver - Resolving eureka endpoints via configuration
2026-07-10 17:47:36 INFO  ConfigClusterResolver - Resolving eureka endpoints via configuration
2026-07-10 17:52:36 INFO  ConfigClusterResolver - Resolving eureka endpoints via configuration
2026-07-10 17:57:36 INFO  ConfigClusterResolver - Resolving eureka endpoints via configuration
2026-07-10 18:02:36 INFO  ConfigClusterResolver - Resolving eureka endpoints via configuration
2026-07-10 18:07:36 INFO  ConfigClusterResolver - Resolving eureka endpoints via configuration
2026-07-10 18:12:36 INFO  ConfigClusterResolver - Resolving eureka endpoints via configuration
2026-07-10 18:17:36 INFO  ConfigClusterResolver - Resolving eureka endpoints via configuration
2026-07-10 18:22:36 INFO  ConfigClusterResolver - Resolving eureka endpoints via configuration
2026-07-10 18:27:36 INFO  ConfigClusterResolver - Resolving eureka endpoints via configuration
2026-07-10 18:32:36 INFO  ConfigClusterResolver - Resolving eureka endpoints via configuration
2026-07-10 18:37:36 INFO  ConfigClusterResolver - Resolving eureka endpoints via configuration
2026-07-10 18:42:36 INFO  ConfigClusterResolver - Resolving eureka endpoints via configuration
2026-07-10 18:47:36 INFO  ConfigClusterResolver - Resolving eureka endpoints via configuration
2026-07-10 18:52:36 INFO  ConfigClusterResolver - Resolving eureka endpoints via configuration
2026-07-10 18:57:36 INFO  ConfigClusterResolver - Resolving eureka endpoints via configuration
2026-07-10 19:02:36 INFO  ConfigClusterResolver - Resolving eureka endpoints via configuration
2026-07-10 19:07:36 INFO  ConfigClusterResolver - Resolving eureka endpoints via configuration
2026-07-10 19:12:36 INFO  ConfigClusterResolver - Resolving eureka endpoints via configuration
2026-07-10 19:17:36 INFO  ConfigClusterResolver - Resolving eureka endpoints via configuration
2026-07-10 19:22:36 INFO  ConfigClusterResolver - Resolving eureka endpoints via configuration
2026-07-10 19:27:36 INFO  ConfigClusterResolver - Resolving eureka endpoints via configuration
2026-07-10 19:32:36 INFO  ConfigClusterResolver - Resolving eureka endpoints via configuration
2026-07-10 19:37:36 INFO  ConfigClusterResolver - Resolving eureka endpoints via configuration
2026-07-10 19:42:36 INFO  ConfigClusterResolver - Resolving eureka endpoints via configuration
2026-07-10 19:47:36 INFO  ConfigClusterResolver - Resolving eureka endpoints via configuration
2026-07-10 19:52:36 INFO  ConfigClusterResolver - Resolving eureka endpoints via configuration
2026-07-10 19:57:36 INFO  ConfigClusterResolver - Resolving eureka endpoints via configuration
2026-07-10 20:02:36 INFO  ConfigClusterResolver - Resolving eureka endpoints via configuration
2026-07-10 20:07:36 INFO  ConfigClusterResolver - Resolving eureka endpoints via configuration
2026-07-10 20:08:45 INFO  EurekaServiceRegistry - Unregistering application JOB-SERVICE with eureka with status DOWN
2026-07-10 20:08:46 INFO  DiscoveryClient - Saw local status change event StatusChangeEvent [timestamp=1783714125997, current=DOWN, previous=UP]
2026-07-10 20:08:46 INFO  DiscoveryClient - DiscoveryClient_JOB-SERVICE/d0d57b86d652:JOB-SERVICE:8082: registering service...
2026-07-10 20:08:46 INFO  GracefulShutdown - Commencing graceful shutdown. Waiting for active requests to complete
2026-07-10 20:08:46 INFO  GracefulShutdown - Graceful shutdown complete
2026-07-10 20:08:46 INFO  LocalContainerEntityManagerFactoryBean - Closing JPA EntityManagerFactory for persistence unit 'default'
2026-07-10 20:08:46 INFO  HikariDataSource - HikariPool-1 - Shutdown initiated...
2026-07-10 20:08:46 INFO  HikariDataSource - HikariPool-1 - Shutdown completed.
2026-07-10 20:08:46 INFO  DiscoveryClient - Shutting down DiscoveryClient ...
2026-07-10 20:08:59 INFO  Version - HV000001: Hibernate Validator 8.0.3.Final
2026-07-10 20:08:59 INFO  JobServiceApplication - Starting JobServiceApplication v0.0.1-SNAPSHOT using Java 21.0.11 with PID 1 (/app/app.jar started by root in /app)
2026-07-10 20:09:00 DEBUG JobServiceApplication - Running with Spring Boot v3.5.14, Spring v6.2.18
2026-07-10 20:09:00 INFO  JobServiceApplication - No active profile set, falling back to 1 default profile: "default"
2026-07-10 20:09:07 INFO  RepositoryConfigurationDelegate - Bootstrapping Spring Data JPA repositories in DEFAULT mode.
2026-07-10 20:09:08 INFO  RepositoryConfigurationDelegate - Finished Spring Data repository scanning in 677 ms. Found 1 JPA repository interface.
2026-07-10 20:09:10 INFO  GenericScope - BeanFactory id=da17e58e-5b73-3206-bed5-870faaf56e10
2026-07-10 20:09:13 INFO  TomcatWebServer - Tomcat initialized with port 8082 (http)
2026-07-10 20:09:13 INFO  Http11NioProtocol - Initializing ProtocolHandler ["http-nio-8082"]
2026-07-10 20:09:13 INFO  StandardService - Starting service [Tomcat]
2026-07-10 20:09:13 INFO  StandardEngine - Starting Servlet engine: [Apache Tomcat/10.1.54]
2026-07-10 20:09:13 INFO  [/] - Initializing Spring embedded WebApplicationContext
2026-07-10 20:09:13 INFO  ServletWebServerApplicationContext - Root WebApplicationContext: initialization completed in 13050 ms
2026-07-10 20:09:15 INFO  LogHelper - HHH000204: Processing PersistenceUnitInfo [name: default]
2026-07-10 20:09:16 INFO  Version - HHH000412: Hibernate ORM core version 6.6.49.Final
2026-07-10 20:09:16 INFO  RegionFactoryInitiator - HHH000026: Second-level cache disabled
2026-07-10 20:09:19 INFO  SpringPersistenceUnitInfo - No LoadTimeWeaver setup: ignoring JPA class transformer
2026-07-10 20:09:19 INFO  HikariDataSource - HikariPool-1 - Starting...
2026-07-10 20:09:23 INFO  HikariPool - HikariPool-1 - Added connection com.mysql.cj.jdbc.ConnectionImpl@229514ff
2026-07-10 20:09:23 INFO  HikariDataSource - HikariPool-1 - Start completed.
2026-07-10 20:09:24 WARN  deprecation - HHH90000025: MySQLDialect does not need to be specified explicitly using 'hibernate.dialect' (remove the property setting and it will be selected by default)
2026-07-10 20:09:24 INFO  pooling - HHH10001005: Database info:
	Database JDBC URL [Connecting through datasource 'HikariDataSource (HikariPool-1)']
	Database driver: undefined/unknown
	Database version: 8.4.10
	Autocommit mode: undefined/unknown
	Isolation level: undefined/unknown
	Minimum pool size: undefined/unknown
	Maximum pool size: undefined/unknown
2026-07-10 20:09:28 INFO  JtaPlatformInitiator - HHH000489: No JTA platform available (set 'hibernate.transaction.jta.platform' to enable JTA platform integration)
2026-07-10 20:09:29 INFO  LocalContainerEntityManagerFactoryBean - Initialized JPA EntityManagerFactory for persistence unit 'default'
2026-07-10 20:09:30 INFO  QueryEnhancerFactory - Hibernate is in classpath; If applicable, HQL parser will be used.
2026-07-10 20:09:36 WARN  JpaBaseConfiguration$JpaWebConfiguration - spring.jpa.open-in-view is enabled by default. Therefore, database queries may be performed during view rendering. Explicitly configure spring.jpa.open-in-view to disable this warning
2026-07-10 20:09:41 INFO  DiscoveryClientOptionalArgsConfiguration - Eureka HTTP Client uses RestTemplate.
2026-07-10 20:09:41 WARN  LoadBalancerCacheAutoConfiguration$LoadBalancerCaffeineWarnLogger - Spring Cloud LoadBalancer is currently working with the default cache. While this cache implementation is useful for development and tests, it's recommended to use Caffeine cache in production.You can switch to using Caffeine cache, by adding it and org.springframework.cache.caffeine.CaffeineCacheManager to the classpath.
2026-07-10 20:09:41 INFO  InstanceInfoFactory - Setting initial instance status as: STARTING
2026-07-10 20:09:42 INFO  DiscoveryClient - Initializing Eureka in region us-east-1
2026-07-10 20:09:42 INFO  ConfigClusterResolver - Resolving eureka endpoints via configuration
2026-07-10 20:09:42 INFO  DiscoveryClient - Disable delta property : false
2026-07-10 20:09:42 INFO  DiscoveryClient - Single vip registry refresh property : null
2026-07-10 20:09:42 INFO  DiscoveryClient - Force full registry fetch : false
2026-07-10 20:09:42 INFO  DiscoveryClient - Application is null : false
2026-07-10 20:09:42 INFO  DiscoveryClient - Registered Applications size is zero : true
2026-07-10 20:09:42 INFO  DiscoveryClient - Application version is -1: true
2026-07-10 20:09:42 INFO  DiscoveryClient - Getting all instance registry info from the eureka server
2026-07-10 20:09:43 INFO  DiscoveryClient - The response status is 200
2026-07-10 20:09:43 INFO  DiscoveryClient - Starting heartbeat executor: renew interval is: 30
2026-07-10 20:09:43 INFO  InstanceInfoReplicator - InstanceInfoReplicator onDemand update allowed rate per min is 4
2026-07-10 20:09:43 INFO  DiscoveryClient - Discovery Client initialized at timestamp 1783714183677 with initial instances count: 0
2026-07-10 20:09:43 INFO  EurekaServiceRegistry - Registering application JOB-SERVICE with eureka with status UP
2026-07-10 20:09:43 INFO  DiscoveryClient - Saw local status change event StatusChangeEvent [timestamp=1783714183703, current=UP, previous=STARTING]
2026-07-10 20:09:43 INFO  DiscoveryClient - DiscoveryClient_JOB-SERVICE/a97b0a6c8d8d:JOB-SERVICE:8082: registering service...
2026-07-10 20:09:43 INFO  Http11NioProtocol - Starting ProtocolHandler ["http-nio-8082"]
2026-07-10 20:09:44 INFO  TomcatWebServer - Tomcat started on port 8082 (http) with context path '/'
2026-07-10 20:09:44 INFO  EurekaAutoServiceRegistration - Updating port to 8082
2026-07-10 20:09:44 INFO  DiscoveryClient - DiscoveryClient_JOB-SERVICE/a97b0a6c8d8d:JOB-SERVICE:8082 - registration status: 204
2026-07-10 20:09:44 INFO  JobServiceApplication - Started JobServiceApplication in 46.912 seconds (process running for 54.336)
2026-07-10 20:10:13 INFO  DiscoveryClient - Disable delta property : false
2026-07-10 20:10:13 INFO  DiscoveryClient - Single vip registry refresh property : null
2026-07-10 20:10:13 INFO  DiscoveryClient - Force full registry fetch : false
2026-07-10 20:10:13 INFO  DiscoveryClient - Application is null : false
2026-07-10 20:10:13 INFO  DiscoveryClient - Registered Applications size is zero : true
2026-07-10 20:10:13 INFO  DiscoveryClient - Application version is -1: false
2026-07-10 20:10:13 INFO  DiscoveryClient - Getting all instance registry info from the eureka server
2026-07-10 20:10:13 INFO  DiscoveryClient - The response status is 200
2026-07-10 20:13:35 INFO  EurekaServiceRegistry - Unregistering application JOB-SERVICE with eureka with status DOWN
2026-07-10 20:13:35 INFO  DiscoveryClient - Saw local status change event StatusChangeEvent [timestamp=1783714415403, current=DOWN, previous=UP]
2026-07-10 20:13:35 INFO  DiscoveryClient - DiscoveryClient_JOB-SERVICE/a97b0a6c8d8d:JOB-SERVICE:8082: registering service...
2026-07-10 20:13:35 INFO  GracefulShutdown - Commencing graceful shutdown. Waiting for active requests to complete
2026-07-10 20:13:35 INFO  GracefulShutdown - Graceful shutdown complete
2026-07-10 20:13:35 INFO  LocalContainerEntityManagerFactoryBean - Closing JPA EntityManagerFactory for persistence unit 'default'
2026-07-10 20:13:35 INFO  HikariDataSource - HikariPool-1 - Shutdown initiated...
2026-07-10 20:13:35 INFO  HikariDataSource - HikariPool-1 - Shutdown completed.
2026-07-10 20:13:35 INFO  DiscoveryClient - Shutting down DiscoveryClient ...
2026-07-10 20:13:53 INFO  Version - HV000001: Hibernate Validator 8.0.3.Final
2026-07-10 20:13:53 INFO  JobServiceApplication - Starting JobServiceApplication v0.0.1-SNAPSHOT using Java 21.0.11 with PID 1 (/app/app.jar started by root in /app)
2026-07-10 20:13:53 DEBUG JobServiceApplication - Running with Spring Boot v3.5.14, Spring v6.2.18
2026-07-10 20:13:53 INFO  JobServiceApplication - No active profile set, falling back to 1 default profile: "default"
2026-07-10 20:14:01 INFO  RepositoryConfigurationDelegate - Bootstrapping Spring Data JPA repositories in DEFAULT mode.
2026-07-10 20:14:02 INFO  RepositoryConfigurationDelegate - Finished Spring Data repository scanning in 592 ms. Found 1 JPA repository interface.
2026-07-10 20:14:05 INFO  GenericScope - BeanFactory id=da17e58e-5b73-3206-bed5-870faaf56e10
2026-07-10 20:14:08 INFO  TomcatWebServer - Tomcat initialized with port 8082 (http)
2026-07-10 20:14:08 INFO  Http11NioProtocol - Initializing ProtocolHandler ["http-nio-8082"]
2026-07-10 20:14:08 INFO  StandardService - Starting service [Tomcat]
2026-07-10 20:14:08 INFO  StandardEngine - Starting Servlet engine: [Apache Tomcat/10.1.54]
2026-07-10 20:14:09 INFO  [/] - Initializing Spring embedded WebApplicationContext
2026-07-10 20:14:09 INFO  ServletWebServerApplicationContext - Root WebApplicationContext: initialization completed in 14794 ms
2026-07-10 20:14:11 INFO  LogHelper - HHH000204: Processing PersistenceUnitInfo [name: default]
2026-07-10 20:14:11 INFO  Version - HHH000412: Hibernate ORM core version 6.6.49.Final
2026-07-10 20:14:12 INFO  RegionFactoryInitiator - HHH000026: Second-level cache disabled
2026-07-10 20:14:15 INFO  SpringPersistenceUnitInfo - No LoadTimeWeaver setup: ignoring JPA class transformer
2026-07-10 20:14:16 INFO  HikariDataSource - HikariPool-1 - Starting...
2026-07-10 20:14:20 WARN  SqlExceptionHelper - SQL Error: 0, SQLState: 08S01
2026-07-10 20:14:20 ERROR SqlExceptionHelper - Communications link failure

The last packet sent successfully to the server was 0 milliseconds ago. The driver has not received any packets from the server.
2026-07-10 20:14:20 WARN  JdbcEnvironmentInitiator - HHH000342: Could not obtain connection to query metadata
org.hibernate.exception.JDBCConnectionException: unable to obtain isolated JDBC connection [Communications link failure

The last packet sent successfully to the server was 0 milliseconds ago. The driver has not received any packets from the server.] [n/a]
	at org.hibernate.exception.internal.SQLStateConversionDelegate.convert(SQLStateConversionDelegate.java:100) ~[hibernate-core-6.6.49.Final.jar!/:6.6.49.Final]
	at org.hibernate.exception.internal.StandardSQLExceptionConverter.convert(StandardSQLExceptionConverter.java:58) ~[hibernate-core-6.6.49.Final.jar!/:6.6.49.Final]
	at org.hibernate.engine.jdbc.spi.SqlExceptionHelper.convert(SqlExceptionHelper.java:108) ~[hibernate-core-6.6.49.Final.jar!/:6.6.49.Final]
	at org.hibernate.engine.jdbc.spi.SqlExceptionHelper.convert(SqlExceptionHelper.java:94) ~[hibernate-core-6.6.49.Final.jar!/:6.6.49.Final]
	at org.hibernate.resource.transaction.backend.jdbc.internal.JdbcIsolationDelegate.delegateWork(JdbcIsolationDelegate.java:116) ~[hibernate-core-6.6.49.Final.jar!/:6.6.49.Final]
	at org.hibernate.engine.jdbc.env.internal.JdbcEnvironmentInitiator.getJdbcEnvironmentUsingJdbcMetadata(JdbcEnvironmentInitiator.java:334) ~[hibernate-core-6.6.49.Final.jar!/:6.6.49.Final]
	at org.hibernate.engine.jdbc.env.internal.JdbcEnvironmentInitiator.initiateService(JdbcEnvironmentInitiator.java:129) ~[hibernate-core-6.6.49.Final.jar!/:6.6.49.Final]
	at org.hibernate.engine.jdbc.env.internal.JdbcEnvironmentInitiator.initiateService(JdbcEnvironmentInitiator.java:81) ~[hibernate-core-6.6.49.Final.jar!/:6.6.49.Final]
	at org.hibernate.boot.registry.internal.StandardServiceRegistryImpl.initiateService(StandardServiceRegistryImpl.java:130) ~[hibernate-core-6.6.49.Final.jar!/:6.6.49.Final]
	at org.hibernate.service.internal.AbstractServiceRegistryImpl.createService(AbstractServiceRegistryImpl.java:263) ~[hibernate-core-6.6.49.Final.jar!/:6.6.49.Final]
	at org.hibernate.service.internal.AbstractServiceRegistryImpl.initializeService(AbstractServiceRegistryImpl.java:238) ~[hibernate-core-6.6.49.Final.jar!/:6.6.49.Final]
	at org.hibernate.service.internal.AbstractServiceRegistryImpl.getService(AbstractServiceRegistryImpl.java:215) ~[hibernate-core-6.6.49.Final.jar!/:6.6.49.Final]
	at org.hibernate.boot.model.relational.Database.<init>(Database.java:45) ~[hibernate-core-6.6.49.Final.jar!/:6.6.49.Final]
	at org.hibernate.boot.internal.InFlightMetadataCollectorImpl.getDatabase(InFlightMetadataCollectorImpl.java:226) ~[hibernate-core-6.6.49.Final.jar!/:6.6.49.Final]
	at org.hibernate.boot.internal.InFlightMetadataCollectorImpl.<init>(InFlightMetadataCollectorImpl.java:194) ~[hibernate-core-6.6.49.Final.jar!/:6.6.49.Final]
	at org.hibernate.boot.model.process.spi.MetadataBuildingProcess.complete(MetadataBuildingProcess.java:171) ~[hibernate-core-6.6.49.Final.jar!/:6.6.49.Final]
	at org.hibernate.jpa.boot.internal.EntityManagerFactoryBuilderImpl.metadata(EntityManagerFactoryBuilderImpl.java:1442) ~[hibernate-core-6.6.49.Final.jar!/:6.6.49.Final]
	at org.hibernate.jpa.boot.internal.EntityManagerFactoryBuilderImpl.build(EntityManagerFactoryBuilderImpl.java:1513) ~[hibernate-core-6.6.49.Final.jar!/:6.6.49.Final]
	at org.springframework.orm.jpa.vendor.SpringHibernateJpaPersistenceProvider.createContainerEntityManagerFactory(SpringHibernateJpaPersistenceProvider.java:66) ~[spring-orm-6.2.18.jar!/:6.2.18]
	at org.springframework.orm.jpa.LocalContainerEntityManagerFactoryBean.createNativeEntityManagerFactory(LocalContainerEntityManagerFactoryBean.java:388) ~[spring-orm-6.2.18.jar!/:6.2.18]
	at org.springframework.orm.jpa.AbstractEntityManagerFactoryBean.buildNativeEntityManagerFactory(AbstractEntityManagerFactoryBean.java:419) ~[spring-orm-6.2.18.jar!/:6.2.18]
	at org.springframework.orm.jpa.AbstractEntityManagerFactoryBean.afterPropertiesSet(AbstractEntityManagerFactoryBean.java:400) ~[spring-orm-6.2.18.jar!/:6.2.18]
	at org.springframework.orm.jpa.LocalContainerEntityManagerFactoryBean.afterPropertiesSet(LocalContainerEntityManagerFactoryBean.java:364) ~[spring-orm-6.2.18.jar!/:6.2.18]
	at org.springframework.beans.factory.support.AbstractAutowireCapableBeanFactory.invokeInitMethods(AbstractAutowireCapableBeanFactory.java:1873) ~[spring-beans-6.2.18.jar!/:6.2.18]
	at org.springframework.beans.factory.support.AbstractAutowireCapableBeanFactory.initializeBean(AbstractAutowireCapableBeanFactory.java:1822) ~[spring-beans-6.2.18.jar!/:6.2.18]
	at org.springframework.beans.factory.support.AbstractAutowireCapableBeanFactory.doCreateBean(AbstractAutowireCapableBeanFactory.java:607) ~[spring-beans-6.2.18.jar!/:6.2.18]
	at org.springframework.beans.factory.support.AbstractAutowireCapableBeanFactory.createBean(AbstractAutowireCapableBeanFactory.java:529) ~[spring-beans-6.2.18.jar!/:6.2.18]
	at org.springframework.beans.factory.support.AbstractBeanFactory.lambda$doGetBean$0(AbstractBeanFactory.java:339) ~[spring-beans-6.2.18.jar!/:6.2.18]
	at org.springframework.beans.factory.support.DefaultSingletonBeanRegistry.getSingleton(DefaultSingletonBeanRegistry.java:373) [spring-beans-6.2.18.jar!/:6.2.18]
	at org.springframework.beans.factory.support.AbstractBeanFactory.doGetBean(AbstractBeanFactory.java:337) [spring-beans-6.2.18.jar!/:6.2.18]
	at org.springframework.beans.factory.support.AbstractBeanFactory.getBean(AbstractBeanFactory.java:207) [spring-beans-6.2.18.jar!/:6.2.18]
	at org.springframework.context.support.AbstractApplicationContext.finishBeanFactoryInitialization(AbstractApplicationContext.java:974) [spring-context-6.2.18.jar!/:6.2.18]
	at org.springframework.context.support.AbstractApplicationContext.refresh(AbstractApplicationContext.java:628) [spring-context-6.2.18.jar!/:6.2.18]
	at org.springframework.boot.web.servlet.context.ServletWebServerApplicationContext.refresh(ServletWebServerApplicationContext.java:146) [spring-boot-3.5.14.jar!/:3.5.14]
	at org.springframework.boot.SpringApplication.refresh(SpringApplication.java:752) [spring-boot-3.5.14.jar!/:3.5.14]
	at org.springframework.boot.SpringApplication.refreshContext(SpringApplication.java:439) [spring-boot-3.5.14.jar!/:3.5.14]
	at org.springframework.boot.SpringApplication.run(SpringApplication.java:318) [spring-boot-3.5.14.jar!/:3.5.14]
	at org.springframework.boot.SpringApplication.run(SpringApplication.java:1361) [spring-boot-3.5.14.jar!/:3.5.14]
	at org.springframework.boot.SpringApplication.run(SpringApplication.java:1350) [spring-boot-3.5.14.jar!/:3.5.14]
	at com.smarthire.job_service.JobServiceApplication.main(JobServiceApplication.java:11) [!/:0.0.1-SNAPSHOT]
	at java.base/jdk.internal.reflect.DirectMethodHandleAccessor.invoke(DirectMethodHandleAccessor.java:103) ~[?:?]
	at java.base/java.lang.reflect.Method.invoke(Method.java:580) ~[?:?]
	at org.springframework.boot.loader.launch.Launcher.launch(Launcher.java:106) [app.jar:0.0.1-SNAPSHOT]
	at org.springframework.boot.loader.launch.Launcher.launch(Launcher.java:64) [app.jar:0.0.1-SNAPSHOT]
	at org.springframework.boot.loader.launch.JarLauncher.main(JarLauncher.java:40) [app.jar:0.0.1-SNAPSHOT]
Caused by: com.mysql.cj.jdbc.exceptions.CommunicationsException: Communications link failure

The last packet sent successfully to the server was 0 milliseconds ago. The driver has not received any packets from the server.
	at com.mysql.cj.jdbc.exceptions.SQLError.createCommunicationsException(SQLError.java:165) ~[mysql-connector-j-9.7.0.jar!/:9.7.0]
	at com.mysql.cj.jdbc.exceptions.SQLExceptionsMapping.translateException(SQLExceptionsMapping.java:55) ~[mysql-connector-j-9.7.0.jar!/:9.7.0]
	at com.mysql.cj.jdbc.ConnectionImpl.createNewIO(ConnectionImpl.java:840) ~[mysql-connector-j-9.7.0.jar!/:9.7.0]
	at com.mysql.cj.jdbc.ConnectionImpl.<init>(ConnectionImpl.java:416) ~[mysql-connector-j-9.7.0.jar!/:9.7.0]
	at com.mysql.cj.jdbc.ConnectionImpl.getInstance(ConnectionImpl.java:237) ~[mysql-connector-j-9.7.0.jar!/:9.7.0]
	at com.mysql.cj.jdbc.NonRegisteringDriver.connect(NonRegisteringDriver.java:180) ~[mysql-connector-j-9.7.0.jar!/:9.7.0]
	at com.zaxxer.hikari.util.DriverDataSource.getConnection(DriverDataSource.java:144) ~[HikariCP-6.3.3.jar!/:?]
	at com.zaxxer.hikari.pool.PoolBase.newConnection(PoolBase.java:370) ~[HikariCP-6.3.3.jar!/:?]
	at com.zaxxer.hikari.pool.PoolBase.newPoolEntry(PoolBase.java:207) ~[HikariCP-6.3.3.jar!/:?]
	at com.zaxxer.hikari.pool.HikariPool.createPoolEntry(HikariPool.java:488) ~[HikariCP-6.3.3.jar!/:?]
	at com.zaxxer.hikari.pool.HikariPool.checkFailFast(HikariPool.java:576) ~[HikariCP-6.3.3.jar!/:?]
	at com.zaxxer.hikari.pool.HikariPool.<init>(HikariPool.java:97) ~[HikariCP-6.3.3.jar!/:?]
	at com.zaxxer.hikari.HikariDataSource.getConnection(HikariDataSource.java:111) ~[HikariCP-6.3.3.jar!/:?]
	at org.hibernate.engine.jdbc.connections.internal.DatasourceConnectionProviderImpl.getConnection(DatasourceConnectionProviderImpl.java:126) ~[hibernate-core-6.6.49.Final.jar!/:6.6.49.Final]
	at org.hibernate.engine.jdbc.env.internal.JdbcEnvironmentInitiator$ConnectionProviderJdbcConnectionAccess.obtainConnection(JdbcEnvironmentInitiator.java:485) ~[hibernate-core-6.6.49.Final.jar!/:6.6.49.Final]
	at org.hibernate.resource.transaction.backend.jdbc.internal.JdbcIsolationDelegate.delegateWork(JdbcIsolationDelegate.java:61) ~[hibernate-core-6.6.49.Final.jar!/:6.6.49.Final]
	... 40 more
Caused by: com.mysql.cj.exceptions.CJCommunicationsException: Communications link failure

The last packet sent successfully to the server was 0 milliseconds ago. The driver has not received any packets from the server.
	at java.base/jdk.internal.reflect.DirectConstructorHandleAccessor.newInstance(DirectConstructorHandleAccessor.java:62) ~[?:?]
	at java.base/java.lang.reflect.Constructor.newInstanceWithCaller(Constructor.java:502) ~[?:?]
	at java.base/java.lang.reflect.Constructor.newInstance(Constructor.java:486) ~[?:?]
	at com.mysql.cj.exceptions.ExceptionFactory.createException(ExceptionFactory.java:52) ~[mysql-connector-j-9.7.0.jar!/:9.7.0]
	at com.mysql.cj.exceptions.ExceptionFactory.createException(ExceptionFactory.java:95) ~[mysql-connector-j-9.7.0.jar!/:9.7.0]
	at com.mysql.cj.exceptions.ExceptionFactory.createException(ExceptionFactory.java:140) ~[mysql-connector-j-9.7.0.jar!/:9.7.0]
	at com.mysql.cj.exceptions.ExceptionFactory.createCommunicationsException(ExceptionFactory.java:156) ~[mysql-connector-j-9.7.0.jar!/:9.7.0]
	at com.mysql.cj.protocol.a.NativeSocketConnection.connect(NativeSocketConnection.java:79) ~[mysql-connector-j-9.7.0.jar!/:9.7.0]
	at com.mysql.cj.NativeSession.connect(NativeSession.java:142) ~[mysql-connector-j-9.7.0.jar!/:9.7.0]
	at com.mysql.cj.jdbc.ConnectionImpl.connectOneTryOnly(ConnectionImpl.java:964) ~[mysql-connector-j-9.7.0.jar!/:9.7.0]
	at com.mysql.cj.jdbc.ConnectionImpl.createNewIO(ConnectionImpl.java:828) ~[mysql-connector-j-9.7.0.jar!/:9.7.0]
	at com.mysql.cj.jdbc.ConnectionImpl.<init>(ConnectionImpl.java:416) ~[mysql-connector-j-9.7.0.jar!/:9.7.0]
	at com.mysql.cj.jdbc.ConnectionImpl.getInstance(ConnectionImpl.java:237) ~[mysql-connector-j-9.7.0.jar!/:9.7.0]
	at com.mysql.cj.jdbc.NonRegisteringDriver.connect(NonRegisteringDriver.java:180) ~[mysql-connector-j-9.7.0.jar!/:9.7.0]
	at com.zaxxer.hikari.util.DriverDataSource.getConnection(DriverDataSource.java:144) ~[HikariCP-6.3.3.jar!/:?]
	at com.zaxxer.hikari.pool.PoolBase.newConnection(PoolBase.java:370) ~[HikariCP-6.3.3.jar!/:?]
	at com.zaxxer.hikari.pool.PoolBase.newPoolEntry(PoolBase.java:207) ~[HikariCP-6.3.3.jar!/:?]
	at com.zaxxer.hikari.pool.HikariPool.createPoolEntry(HikariPool.java:488) ~[HikariCP-6.3.3.jar!/:?]
	at com.zaxxer.hikari.pool.HikariPool.checkFailFast(HikariPool.java:576) ~[HikariCP-6.3.3.jar!/:?]
	at com.zaxxer.hikari.pool.HikariPool.<init>(HikariPool.java:97) ~[HikariCP-6.3.3.jar!/:?]
	at com.zaxxer.hikari.HikariDataSource.getConnection(HikariDataSource.java:111) ~[HikariCP-6.3.3.jar!/:?]
	at org.hibernate.engine.jdbc.connections.internal.DatasourceConnectionProviderImpl.getConnection(DatasourceConnectionProviderImpl.java:126) ~[hibernate-core-6.6.49.Final.jar!/:6.6.49.Final]
	at org.hibernate.engine.jdbc.env.internal.JdbcEnvironmentInitiator$ConnectionProviderJdbcConnectionAccess.obtainConnection(JdbcEnvironmentInitiator.java:485) ~[hibernate-core-6.6.49.Final.jar!/:6.6.49.Final]
	at org.hibernate.resource.transaction.backend.jdbc.internal.JdbcIsolationDelegate.delegateWork(JdbcIsolationDelegate.java:61) ~[hibernate-core-6.6.49.Final.jar!/:6.6.49.Final]
	... 40 more
Caused by: java.net.UnknownHostException: mysql: Name or service not known
	at java.base/java.net.Inet6AddressImpl.lookupAllHostAddr(Native Method) ~[?:?]
	at java.base/java.net.Inet6AddressImpl.lookupAllHostAddr(Inet6AddressImpl.java:52) ~[?:?]
	at java.base/java.net.InetAddress$PlatformResolver.lookupByName(InetAddress.java:1211) ~[?:?]
	at java.base/java.net.InetAddress.getAddressesFromNameService(InetAddress.java:1828) ~[?:?]
	at java.base/java.net.InetAddress$NameServiceAddresses.get(InetAddress.java:1139) ~[?:?]
	at java.base/java.net.InetAddress.getAllByName0(InetAddress.java:1818) ~[?:?]
	at java.base/java.net.InetAddress.getAllByName(InetAddress.java:1688) ~[?:?]
	at com.mysql.cj.protocol.StandardSocketFactory.connect(StandardSocketFactory.java:121) ~[mysql-connector-j-9.7.0.jar!/:9.7.0]
	at com.mysql.cj.protocol.a.NativeSocketConnection.connect(NativeSocketConnection.java:53) ~[mysql-connector-j-9.7.0.jar!/:9.7.0]
	at com.mysql.cj.NativeSession.connect(NativeSession.java:142) ~[mysql-connector-j-9.7.0.jar!/:9.7.0]
	at com.mysql.cj.jdbc.ConnectionImpl.connectOneTryOnly(ConnectionImpl.java:964) ~[mysql-connector-j-9.7.0.jar!/:9.7.0]
	at com.mysql.cj.jdbc.ConnectionImpl.createNewIO(ConnectionImpl.java:828) ~[mysql-connector-j-9.7.0.jar!/:9.7.0]
	at com.mysql.cj.jdbc.ConnectionImpl.<init>(ConnectionImpl.java:416) ~[mysql-connector-j-9.7.0.jar!/:9.7.0]
	at com.mysql.cj.jdbc.ConnectionImpl.getInstance(ConnectionImpl.java:237) ~[mysql-connector-j-9.7.0.jar!/:9.7.0]
	at com.mysql.cj.jdbc.NonRegisteringDriver.connect(NonRegisteringDriver.java:180) ~[mysql-connector-j-9.7.0.jar!/:9.7.0]
	at com.zaxxer.hikari.util.DriverDataSource.getConnection(DriverDataSource.java:144) ~[HikariCP-6.3.3.jar!/:?]
	at com.zaxxer.hikari.pool.PoolBase.newConnection(PoolBase.java:370) ~[HikariCP-6.3.3.jar!/:?]
	at com.zaxxer.hikari.pool.PoolBase.newPoolEntry(PoolBase.java:207) ~[HikariCP-6.3.3.jar!/:?]
	at com.zaxxer.hikari.pool.HikariPool.createPoolEntry(HikariPool.java:488) ~[HikariCP-6.3.3.jar!/:?]
	at com.zaxxer.hikari.pool.HikariPool.checkFailFast(HikariPool.java:576) ~[HikariCP-6.3.3.jar!/:?]
	at com.zaxxer.hikari.pool.HikariPool.<init>(HikariPool.java:97) ~[HikariCP-6.3.3.jar!/:?]
	at com.zaxxer.hikari.HikariDataSource.getConnection(HikariDataSource.java:111) ~[HikariCP-6.3.3.jar!/:?]
	at org.hibernate.engine.jdbc.connections.internal.DatasourceConnectionProviderImpl.getConnection(DatasourceConnectionProviderImpl.java:126) ~[hibernate-core-6.6.49.Final.jar!/:6.6.49.Final]
	at org.hibernate.engine.jdbc.env.internal.JdbcEnvironmentInitiator$ConnectionProviderJdbcConnectionAccess.obtainConnection(JdbcEnvironmentInitiator.java:485) ~[hibernate-core-6.6.49.Final.jar!/:6.6.49.Final]
	at org.hibernate.resource.transaction.backend.jdbc.internal.JdbcIsolationDelegate.delegateWork(JdbcIsolationDelegate.java:61) ~[hibernate-core-6.6.49.Final.jar!/:6.6.49.Final]
	... 40 more
2026-07-10 20:14:20 WARN  deprecation - HHH90000025: MySQLDialect does not need to be specified explicitly using 'hibernate.dialect' (remove the property setting and it will be selected by default)
2026-07-10 20:14:20 INFO  pooling - HHH10001005: Database info:
	Database JDBC URL [Connecting through datasource 'HikariDataSource (null)']
	Database driver: undefined/unknown
	Database version: 8.0
	Autocommit mode: undefined/unknown
	Isolation level: undefined/unknown
	Minimum pool size: undefined/unknown
	Maximum pool size: undefined/unknown
2026-07-10 20:14:36 INFO  Version - HV000001: Hibernate Validator 8.0.3.Final
2026-07-10 20:14:36 INFO  JobServiceApplication - Starting JobServiceApplication v0.0.1-SNAPSHOT using Java 21.0.11 with PID 1 (/app/app.jar started by root in /app)
2026-07-10 20:14:36 DEBUG JobServiceApplication - Running with Spring Boot v3.5.14, Spring v6.2.18
2026-07-10 20:14:36 INFO  JobServiceApplication - No active profile set, falling back to 1 default profile: "default"
2026-07-10 20:14:44 INFO  RepositoryConfigurationDelegate - Bootstrapping Spring Data JPA repositories in DEFAULT mode.
2026-07-10 20:14:45 INFO  RepositoryConfigurationDelegate - Finished Spring Data repository scanning in 663 ms. Found 1 JPA repository interface.
2026-07-10 20:14:47 INFO  GenericScope - BeanFactory id=da17e58e-5b73-3206-bed5-870faaf56e10
2026-07-10 20:14:50 INFO  TomcatWebServer - Tomcat initialized with port 8082 (http)
2026-07-10 20:14:50 INFO  Http11NioProtocol - Initializing ProtocolHandler ["http-nio-8082"]
2026-07-10 20:14:50 INFO  StandardService - Starting service [Tomcat]
2026-07-10 20:14:50 INFO  StandardEngine - Starting Servlet engine: [Apache Tomcat/10.1.54]
2026-07-10 20:14:51 INFO  [/] - Initializing Spring embedded WebApplicationContext
2026-07-10 20:14:51 INFO  ServletWebServerApplicationContext - Root WebApplicationContext: initialization completed in 13867 ms
2026-07-10 20:14:52 INFO  LogHelper - HHH000204: Processing PersistenceUnitInfo [name: default]
2026-07-10 20:14:53 INFO  Version - HHH000412: Hibernate ORM core version 6.6.49.Final
2026-07-10 20:14:53 INFO  RegionFactoryInitiator - HHH000026: Second-level cache disabled
2026-07-10 20:14:55 INFO  SpringPersistenceUnitInfo - No LoadTimeWeaver setup: ignoring JPA class transformer
2026-07-10 20:14:55 INFO  HikariDataSource - HikariPool-1 - Starting...
2026-07-10 20:15:10 INFO  Version - HV000001: Hibernate Validator 8.0.3.Final
2026-07-10 20:15:11 INFO  JobServiceApplication - Starting JobServiceApplication v0.0.1-SNAPSHOT using Java 21.0.11 with PID 1 (/app/app.jar started by root in /app)
2026-07-10 20:15:11 DEBUG JobServiceApplication - Running with Spring Boot v3.5.14, Spring v6.2.18
2026-07-10 20:15:11 INFO  JobServiceApplication - No active profile set, falling back to 1 default profile: "default"
2026-07-10 20:15:18 INFO  RepositoryConfigurationDelegate - Bootstrapping Spring Data JPA repositories in DEFAULT mode.
2026-07-10 20:15:18 INFO  RepositoryConfigurationDelegate - Finished Spring Data repository scanning in 591 ms. Found 1 JPA repository interface.
2026-07-10 20:15:20 INFO  GenericScope - BeanFactory id=da17e58e-5b73-3206-bed5-870faaf56e10
2026-07-10 20:15:25 INFO  TomcatWebServer - Tomcat initialized with port 8082 (http)
2026-07-10 20:15:25 INFO  Http11NioProtocol - Initializing ProtocolHandler ["http-nio-8082"]
2026-07-10 20:15:25 INFO  StandardService - Starting service [Tomcat]
2026-07-10 20:15:25 INFO  StandardEngine - Starting Servlet engine: [Apache Tomcat/10.1.54]
2026-07-10 20:15:26 INFO  [/] - Initializing Spring embedded WebApplicationContext
2026-07-10 20:15:26 INFO  ServletWebServerApplicationContext - Root WebApplicationContext: initialization completed in 13765 ms
2026-07-10 20:15:28 INFO  LogHelper - HHH000204: Processing PersistenceUnitInfo [name: default]
2026-07-10 20:15:28 INFO  Version - HHH000412: Hibernate ORM core version 6.6.49.Final
2026-07-10 20:15:28 INFO  RegionFactoryInitiator - HHH000026: Second-level cache disabled
2026-07-10 20:15:30 INFO  SpringPersistenceUnitInfo - No LoadTimeWeaver setup: ignoring JPA class transformer
2026-07-10 20:15:30 INFO  HikariDataSource - HikariPool-1 - Starting...
2026-07-10 20:15:33 INFO  HikariPool - HikariPool-1 - Added connection com.mysql.cj.jdbc.ConnectionImpl@37665305
2026-07-10 20:15:33 INFO  HikariDataSource - HikariPool-1 - Start completed.
2026-07-10 20:15:34 WARN  deprecation - HHH90000025: MySQLDialect does not need to be specified explicitly using 'hibernate.dialect' (remove the property setting and it will be selected by default)
2026-07-10 20:15:34 INFO  pooling - HHH10001005: Database info:
	Database JDBC URL [Connecting through datasource 'HikariDataSource (HikariPool-1)']
	Database driver: undefined/unknown
	Database version: 8.4.10
	Autocommit mode: undefined/unknown
	Isolation level: undefined/unknown
	Minimum pool size: undefined/unknown
	Maximum pool size: undefined/unknown
2026-07-10 20:15:41 INFO  JtaPlatformInitiator - HHH000489: No JTA platform available (set 'hibernate.transaction.jta.platform' to enable JTA platform integration)
2026-07-10 20:15:41 INFO  LocalContainerEntityManagerFactoryBean - Initialized JPA EntityManagerFactory for persistence unit 'default'
2026-07-10 20:15:42 INFO  QueryEnhancerFactory - Hibernate is in classpath; If applicable, HQL parser will be used.
2026-07-10 20:15:45 WARN  JpaBaseConfiguration$JpaWebConfiguration - spring.jpa.open-in-view is enabled by default. Therefore, database queries may be performed during view rendering. Explicitly configure spring.jpa.open-in-view to disable this warning
2026-07-10 20:15:48 INFO  DiscoveryClientOptionalArgsConfiguration - Eureka HTTP Client uses RestTemplate.
2026-07-10 20:15:48 WARN  LoadBalancerCacheAutoConfiguration$LoadBalancerCaffeineWarnLogger - Spring Cloud LoadBalancer is currently working with the default cache. While this cache implementation is useful for development and tests, it's recommended to use Caffeine cache in production.You can switch to using Caffeine cache, by adding it and org.springframework.cache.caffeine.CaffeineCacheManager to the classpath.
2026-07-10 20:15:48 INFO  InstanceInfoFactory - Setting initial instance status as: STARTING
2026-07-10 20:15:48 INFO  DiscoveryClient - Initializing Eureka in region us-east-1
2026-07-10 20:15:48 INFO  ConfigClusterResolver - Resolving eureka endpoints via configuration
2026-07-10 20:15:48 INFO  DiscoveryClient - Disable delta property : false
2026-07-10 20:15:48 INFO  DiscoveryClient - Single vip registry refresh property : null
2026-07-10 20:15:48 INFO  DiscoveryClient - Force full registry fetch : false
2026-07-10 20:15:48 INFO  DiscoveryClient - Application is null : false
2026-07-10 20:15:48 INFO  DiscoveryClient - Registered Applications size is zero : true
2026-07-10 20:15:48 INFO  DiscoveryClient - Application version is -1: true
2026-07-10 20:15:48 INFO  DiscoveryClient - Getting all instance registry info from the eureka server
2026-07-10 20:15:49 INFO  DiscoveryClient - The response status is 200
2026-07-10 20:15:49 INFO  DiscoveryClient - Starting heartbeat executor: renew interval is: 30
2026-07-10 20:15:49 INFO  InstanceInfoReplicator - InstanceInfoReplicator onDemand update allowed rate per min is 4
2026-07-10 20:15:49 INFO  DiscoveryClient - Discovery Client initialized at timestamp 1783714549796 with initial instances count: 0
2026-07-10 20:15:49 INFO  EurekaServiceRegistry - Registering application JOB-SERVICE with eureka with status UP
2026-07-10 20:15:49 INFO  DiscoveryClient - Saw local status change event StatusChangeEvent [timestamp=1783714549809, current=UP, previous=STARTING]
2026-07-10 20:15:49 INFO  DiscoveryClient - DiscoveryClient_JOB-SERVICE/9f2ff04a6356:JOB-SERVICE:8082: registering service...
2026-07-10 20:15:49 INFO  Http11NioProtocol - Starting ProtocolHandler ["http-nio-8082"]
2026-07-10 20:15:49 INFO  TomcatWebServer - Tomcat started on port 8082 (http) with context path '/'
2026-07-10 20:15:49 INFO  EurekaAutoServiceRegistration - Updating port to 8082
2026-07-10 20:15:49 INFO  JobServiceApplication - Started JobServiceApplication in 41.424 seconds (process running for 49.288)
2026-07-10 20:15:49 INFO  DiscoveryClient - DiscoveryClient_JOB-SERVICE/9f2ff04a6356:JOB-SERVICE:8082 - registration status: 204
2026-07-10 20:16:19 INFO  DiscoveryClient - Disable delta property : false
2026-07-10 20:16:19 INFO  DiscoveryClient - Single vip registry refresh property : null
2026-07-10 20:16:19 INFO  DiscoveryClient - Force full registry fetch : false
2026-07-10 20:16:19 INFO  DiscoveryClient - Application is null : false
2026-07-10 20:16:19 INFO  DiscoveryClient - Registered Applications size is zero : true
2026-07-10 20:16:19 INFO  DiscoveryClient - Application version is -1: false
2026-07-10 20:16:19 INFO  DiscoveryClient - Getting all instance registry info from the eureka server
2026-07-10 20:16:19 INFO  DiscoveryClient - The response status is 200
2026-07-10 20:16:27 INFO  EurekaServiceRegistry - Unregistering application JOB-SERVICE with eureka with status DOWN
2026-07-10 20:16:27 INFO  DiscoveryClient - Saw local status change event StatusChangeEvent [timestamp=1783714587373, current=DOWN, previous=UP]
2026-07-10 20:16:27 INFO  DiscoveryClient - DiscoveryClient_JOB-SERVICE/9f2ff04a6356:JOB-SERVICE:8082: registering service...
2026-07-10 20:16:27 INFO  GracefulShutdown - Commencing graceful shutdown. Waiting for active requests to complete
2026-07-10 20:16:27 INFO  GracefulShutdown - Graceful shutdown complete
2026-07-10 20:16:27 INFO  LocalContainerEntityManagerFactoryBean - Closing JPA EntityManagerFactory for persistence unit 'default'
2026-07-10 20:16:27 INFO  HikariDataSource - HikariPool-1 - Shutdown initiated...
2026-07-10 20:16:27 INFO  HikariDataSource - HikariPool-1 - Shutdown completed.
2026-07-10 20:16:27 INFO  DiscoveryClient - Shutting down DiscoveryClient ...
2026-07-10 20:16:41 INFO  Version - HV000001: Hibernate Validator 8.0.3.Final
2026-07-10 20:16:42 INFO  JobServiceApplication - Starting JobServiceApplication v0.0.1-SNAPSHOT using Java 21.0.11 with PID 1 (/app/app.jar started by root in /app)
2026-07-10 20:16:42 DEBUG JobServiceApplication - Running with Spring Boot v3.5.14, Spring v6.2.18
2026-07-10 20:16:42 INFO  JobServiceApplication - No active profile set, falling back to 1 default profile: "default"
2026-07-10 20:16:50 INFO  RepositoryConfigurationDelegate - Bootstrapping Spring Data JPA repositories in DEFAULT mode.
2026-07-10 20:16:51 INFO  RepositoryConfigurationDelegate - Finished Spring Data repository scanning in 427 ms. Found 1 JPA repository interface.
2026-07-10 20:16:53 INFO  GenericScope - BeanFactory id=da17e58e-5b73-3206-bed5-870faaf56e10
2026-07-10 20:16:56 INFO  TomcatWebServer - Tomcat initialized with port 8082 (http)
2026-07-10 20:16:57 INFO  Http11NioProtocol - Initializing ProtocolHandler ["http-nio-8082"]
2026-07-10 20:16:57 INFO  StandardService - Starting service [Tomcat]
2026-07-10 20:16:57 INFO  StandardEngine - Starting Servlet engine: [Apache Tomcat/10.1.54]
2026-07-10 20:16:57 INFO  [/] - Initializing Spring embedded WebApplicationContext
2026-07-10 20:16:57 INFO  ServletWebServerApplicationContext - Root WebApplicationContext: initialization completed in 14386 ms
2026-07-10 20:16:58 INFO  LogHelper - HHH000204: Processing PersistenceUnitInfo [name: default]
2026-07-10 20:16:59 INFO  Version - HHH000412: Hibernate ORM core version 6.6.49.Final
2026-07-10 20:16:59 INFO  RegionFactoryInitiator - HHH000026: Second-level cache disabled
2026-07-10 20:17:03 INFO  SpringPersistenceUnitInfo - No LoadTimeWeaver setup: ignoring JPA class transformer
2026-07-10 20:17:03 INFO  HikariDataSource - HikariPool-1 - Starting...
2026-07-10 20:17:06 INFO  HikariPool - HikariPool-1 - Added connection com.mysql.cj.jdbc.ConnectionImpl@727f36dd
2026-07-10 20:17:06 INFO  HikariDataSource - HikariPool-1 - Start completed.
2026-07-10 20:17:07 WARN  deprecation - HHH90000025: MySQLDialect does not need to be specified explicitly using 'hibernate.dialect' (remove the property setting and it will be selected by default)
2026-07-10 20:17:07 INFO  pooling - HHH10001005: Database info:
	Database JDBC URL [Connecting through datasource 'HikariDataSource (HikariPool-1)']
	Database driver: undefined/unknown
	Database version: 8.4.10
	Autocommit mode: undefined/unknown
	Isolation level: undefined/unknown
	Minimum pool size: undefined/unknown
	Maximum pool size: undefined/unknown
2026-07-10 20:17:14 INFO  JtaPlatformInitiator - HHH000489: No JTA platform available (set 'hibernate.transaction.jta.platform' to enable JTA platform integration)
2026-07-10 20:17:14 INFO  LocalContainerEntityManagerFactoryBean - Initialized JPA EntityManagerFactory for persistence unit 'default'
2026-07-10 20:17:16 INFO  QueryEnhancerFactory - Hibernate is in classpath; If applicable, HQL parser will be used.
2026-07-10 20:17:21 WARN  JpaBaseConfiguration$JpaWebConfiguration - spring.jpa.open-in-view is enabled by default. Therefore, database queries may be performed during view rendering. Explicitly configure spring.jpa.open-in-view to disable this warning
2026-07-10 20:17:23 INFO  DiscoveryClientOptionalArgsConfiguration - Eureka HTTP Client uses RestTemplate.
2026-07-10 20:17:23 WARN  LoadBalancerCacheAutoConfiguration$LoadBalancerCaffeineWarnLogger - Spring Cloud LoadBalancer is currently working with the default cache. While this cache implementation is useful for development and tests, it's recommended to use Caffeine cache in production.You can switch to using Caffeine cache, by adding it and org.springframework.cache.caffeine.CaffeineCacheManager to the classpath.
2026-07-10 20:17:24 INFO  InstanceInfoFactory - Setting initial instance status as: STARTING
2026-07-10 20:17:24 INFO  DiscoveryClient - Initializing Eureka in region us-east-1
2026-07-10 20:17:24 INFO  ConfigClusterResolver - Resolving eureka endpoints via configuration
2026-07-10 20:17:24 INFO  DiscoveryClient - Disable delta property : false
2026-07-10 20:17:24 INFO  DiscoveryClient - Single vip registry refresh property : null
2026-07-10 20:17:24 INFO  DiscoveryClient - Force full registry fetch : false
2026-07-10 20:17:24 INFO  DiscoveryClient - Application is null : false
2026-07-10 20:17:24 INFO  DiscoveryClient - Registered Applications size is zero : true
2026-07-10 20:17:24 INFO  DiscoveryClient - Application version is -1: true
2026-07-10 20:17:24 INFO  DiscoveryClient - Getting all instance registry info from the eureka server
2026-07-10 20:17:25 INFO  DiscoveryClient - The response status is 200
2026-07-10 20:17:25 INFO  DiscoveryClient - Starting heartbeat executor: renew interval is: 30
2026-07-10 20:17:25 INFO  InstanceInfoReplicator - InstanceInfoReplicator onDemand update allowed rate per min is 4
2026-07-10 20:17:25 INFO  DiscoveryClient - Discovery Client initialized at timestamp 1783714645461 with initial instances count: 0
2026-07-10 20:17:25 INFO  EurekaServiceRegistry - Registering application JOB-SERVICE with eureka with status UP
2026-07-10 20:17:25 INFO  DiscoveryClient - Saw local status change event StatusChangeEvent [timestamp=1783714645481, current=UP, previous=STARTING]
2026-07-10 20:17:25 INFO  DiscoveryClient - DiscoveryClient_JOB-SERVICE/874990d5fe7a:JOB-SERVICE:8082: registering service...
2026-07-10 20:17:25 INFO  Http11NioProtocol - Starting ProtocolHandler ["http-nio-8082"]
2026-07-10 20:17:25 INFO  TomcatWebServer - Tomcat started on port 8082 (http) with context path '/'
2026-07-10 20:17:25 INFO  EurekaAutoServiceRegistration - Updating port to 8082
2026-07-10 20:17:25 INFO  JobServiceApplication - Started JobServiceApplication in 46.107 seconds (process running for 53.295)
2026-07-10 20:17:25 INFO  DiscoveryClient - DiscoveryClient_JOB-SERVICE/874990d5fe7a:JOB-SERVICE:8082 - registration status: 204
2026-07-10 20:17:55 INFO  DiscoveryClient - Disable delta property : false
2026-07-10 20:17:55 INFO  DiscoveryClient - Single vip registry refresh property : null
2026-07-10 20:17:55 INFO  DiscoveryClient - Force full registry fetch : false
2026-07-10 20:17:55 INFO  DiscoveryClient - Application is null : false
2026-07-10 20:17:55 INFO  DiscoveryClient - Registered Applications size is zero : true
2026-07-10 20:17:55 INFO  DiscoveryClient - Application version is -1: false
2026-07-10 20:17:55 INFO  DiscoveryClient - Getting all instance registry info from the eureka server
2026-07-10 20:17:55 INFO  DiscoveryClient - The response status is 200
2026-07-10 20:18:01 INFO  EurekaServiceRegistry - Unregistering application JOB-SERVICE with eureka with status DOWN
2026-07-10 20:18:01 INFO  DiscoveryClient - Saw local status change event StatusChangeEvent [timestamp=1783714681895, current=DOWN, previous=UP]
2026-07-10 20:18:01 INFO  DiscoveryClient - DiscoveryClient_JOB-SERVICE/874990d5fe7a:JOB-SERVICE:8082: registering service...
2026-07-10 20:18:01 INFO  GracefulShutdown - Commencing graceful shutdown. Waiting for active requests to complete
2026-07-10 20:18:01 INFO  GracefulShutdown - Graceful shutdown complete
2026-07-10 20:18:01 INFO  LocalContainerEntityManagerFactoryBean - Closing JPA EntityManagerFactory for persistence unit 'default'
2026-07-10 20:18:02 INFO  HikariDataSource - HikariPool-1 - Shutdown initiated...
2026-07-10 20:18:02 INFO  HikariDataSource - HikariPool-1 - Shutdown completed.
2026-07-10 20:18:02 INFO  DiscoveryClient - Shutting down DiscoveryClient ...
2026-07-10 20:18:15 INFO  Version - HV000001: Hibernate Validator 8.0.3.Final
2026-07-10 20:18:16 INFO  JobServiceApplication - Starting JobServiceApplication v0.0.1-SNAPSHOT using Java 21.0.11 with PID 1 (/app/app.jar started by root in /app)
2026-07-10 20:18:16 DEBUG JobServiceApplication - Running with Spring Boot v3.5.14, Spring v6.2.18
2026-07-10 20:18:16 INFO  JobServiceApplication - No active profile set, falling back to 1 default profile: "default"
2026-07-10 20:18:24 INFO  RepositoryConfigurationDelegate - Bootstrapping Spring Data JPA repositories in DEFAULT mode.
2026-07-10 20:18:25 INFO  RepositoryConfigurationDelegate - Finished Spring Data repository scanning in 621 ms. Found 1 JPA repository interface.
2026-07-10 20:18:27 INFO  GenericScope - BeanFactory id=da17e58e-5b73-3206-bed5-870faaf56e10
2026-07-10 20:18:30 INFO  TomcatWebServer - Tomcat initialized with port 8082 (http)
2026-07-10 20:18:31 INFO  Http11NioProtocol - Initializing ProtocolHandler ["http-nio-8082"]
2026-07-10 20:18:31 INFO  StandardService - Starting service [Tomcat]
2026-07-10 20:18:31 INFO  StandardEngine - Starting Servlet engine: [Apache Tomcat/10.1.54]
2026-07-10 20:18:31 INFO  [/] - Initializing Spring embedded WebApplicationContext
2026-07-10 20:18:31 INFO  ServletWebServerApplicationContext - Root WebApplicationContext: initialization completed in 14838 ms
2026-07-10 20:18:33 INFO  LogHelper - HHH000204: Processing PersistenceUnitInfo [name: default]
2026-07-10 20:18:33 INFO  Version - HHH000412: Hibernate ORM core version 6.6.49.Final
2026-07-10 20:18:33 INFO  RegionFactoryInitiator - HHH000026: Second-level cache disabled
2026-07-10 20:18:37 INFO  SpringPersistenceUnitInfo - No LoadTimeWeaver setup: ignoring JPA class transformer
2026-07-10 20:18:37 INFO  HikariDataSource - HikariPool-1 - Starting...
2026-07-10 20:18:41 INFO  HikariPool - HikariPool-1 - Added connection com.mysql.cj.jdbc.ConnectionImpl@2c70a1de
2026-07-10 20:18:41 INFO  HikariDataSource - HikariPool-1 - Start completed.
2026-07-10 20:18:42 WARN  deprecation - HHH90000025: MySQLDialect does not need to be specified explicitly using 'hibernate.dialect' (remove the property setting and it will be selected by default)
2026-07-10 20:18:42 INFO  pooling - HHH10001005: Database info:
	Database JDBC URL [Connecting through datasource 'HikariDataSource (HikariPool-1)']
	Database driver: undefined/unknown
	Database version: 8.4.10
	Autocommit mode: undefined/unknown
	Isolation level: undefined/unknown
	Minimum pool size: undefined/unknown
	Maximum pool size: undefined/unknown
2026-07-10 20:18:50 INFO  JtaPlatformInitiator - HHH000489: No JTA platform available (set 'hibernate.transaction.jta.platform' to enable JTA platform integration)
2026-07-10 20:18:50 INFO  LocalContainerEntityManagerFactoryBean - Initialized JPA EntityManagerFactory for persistence unit 'default'
2026-07-10 20:18:52 INFO  QueryEnhancerFactory - Hibernate is in classpath; If applicable, HQL parser will be used.
2026-07-10 20:18:55 WARN  JpaBaseConfiguration$JpaWebConfiguration - spring.jpa.open-in-view is enabled by default. Therefore, database queries may be performed during view rendering. Explicitly configure spring.jpa.open-in-view to disable this warning
2026-07-10 20:18:58 INFO  DiscoveryClientOptionalArgsConfiguration - Eureka HTTP Client uses RestTemplate.
2026-07-10 20:18:58 WARN  LoadBalancerCacheAutoConfiguration$LoadBalancerCaffeineWarnLogger - Spring Cloud LoadBalancer is currently working with the default cache. While this cache implementation is useful for development and tests, it's recommended to use Caffeine cache in production.You can switch to using Caffeine cache, by adding it and org.springframework.cache.caffeine.CaffeineCacheManager to the classpath.
2026-07-10 20:18:58 INFO  InstanceInfoFactory - Setting initial instance status as: STARTING
2026-07-10 20:18:58 INFO  DiscoveryClient - Initializing Eureka in region us-east-1
2026-07-10 20:18:58 INFO  ConfigClusterResolver - Resolving eureka endpoints via configuration
2026-07-10 20:18:58 INFO  DiscoveryClient - Disable delta property : false
2026-07-10 20:18:58 INFO  DiscoveryClient - Single vip registry refresh property : null
2026-07-10 20:18:58 INFO  DiscoveryClient - Force full registry fetch : false
2026-07-10 20:18:58 INFO  DiscoveryClient - Application is null : false
2026-07-10 20:18:58 INFO  DiscoveryClient - Registered Applications size is zero : true
2026-07-10 20:18:58 INFO  DiscoveryClient - Application version is -1: true
2026-07-10 20:18:58 INFO  DiscoveryClient - Getting all instance registry info from the eureka server
2026-07-10 20:19:00 INFO  DiscoveryClient - The response status is 200
2026-07-10 20:19:00 INFO  DiscoveryClient - Starting heartbeat executor: renew interval is: 30
2026-07-10 20:19:00 INFO  InstanceInfoReplicator - InstanceInfoReplicator onDemand update allowed rate per min is 4
2026-07-10 20:19:00 INFO  DiscoveryClient - Discovery Client initialized at timestamp 1783714740585 with initial instances count: 1
2026-07-10 20:19:00 INFO  EurekaServiceRegistry - Registering application JOB-SERVICE with eureka with status UP
2026-07-10 20:19:00 INFO  DiscoveryClient - Saw local status change event StatusChangeEvent [timestamp=1783714740601, current=UP, previous=STARTING]
2026-07-10 20:19:00 INFO  Http11NioProtocol - Starting ProtocolHandler ["http-nio-8082"]
2026-07-10 20:19:00 INFO  DiscoveryClient - DiscoveryClient_JOB-SERVICE/2fd247f116e1:JOB-SERVICE:8082: registering service...
2026-07-10 20:19:00 INFO  TomcatWebServer - Tomcat started on port 8082 (http) with context path '/'
2026-07-10 20:19:00 INFO  EurekaAutoServiceRegistration - Updating port to 8082
2026-07-10 20:19:00 INFO  JobServiceApplication - Started JobServiceApplication in 47.494 seconds (process running for 54.344)
2026-07-10 20:19:00 INFO  DiscoveryClient - DiscoveryClient_JOB-SERVICE/2fd247f116e1:JOB-SERVICE:8082 - registration status: 204
2026-07-10 20:20:25 WARN  PoolBase - HikariPool-1 - Failed to validate connection com.mysql.cj.jdbc.ConnectionImpl@206e247a (No operations allowed after connection closed.). Possibly consider using a shorter maxLifetime value.
2026-07-10 20:20:27 INFO  EurekaServiceRegistry - Unregistering application JOB-SERVICE with eureka with status DOWN
2026-07-10 20:20:27 INFO  DiscoveryClient - Saw local status change event StatusChangeEvent [timestamp=1783714827975, current=DOWN, previous=UP]
2026-07-10 20:20:27 INFO  DiscoveryClient - DiscoveryClient_JOB-SERVICE/2fd247f116e1:JOB-SERVICE:8082: registering service...
2026-07-10 20:20:27 INFO  GracefulShutdown - Commencing graceful shutdown. Waiting for active requests to complete
2026-07-10 20:20:27 INFO  GracefulShutdown - Graceful shutdown complete
2026-07-10 20:20:28 INFO  LocalContainerEntityManagerFactoryBean - Closing JPA EntityManagerFactory for persistence unit 'default'
2026-07-10 20:20:28 INFO  HikariDataSource - HikariPool-1 - Shutdown initiated...
2026-07-10 20:20:28 INFO  HikariDataSource - HikariPool-1 - Shutdown completed.
2026-07-10 20:20:28 INFO  DiscoveryClient - Shutting down DiscoveryClient ...
2026-07-10 20:20:41 INFO  Version - HV000001: Hibernate Validator 8.0.3.Final
2026-07-10 20:20:42 INFO  JobServiceApplication - Starting JobServiceApplication v0.0.1-SNAPSHOT using Java 21.0.11 with PID 1 (/app/app.jar started by root in /app)
2026-07-10 20:20:42 DEBUG JobServiceApplication - Running with Spring Boot v3.5.14, Spring v6.2.18
2026-07-10 20:20:42 INFO  JobServiceApplication - No active profile set, falling back to 1 default profile: "default"
2026-07-10 20:20:51 INFO  RepositoryConfigurationDelegate - Bootstrapping Spring Data JPA repositories in DEFAULT mode.
2026-07-10 20:20:52 INFO  RepositoryConfigurationDelegate - Finished Spring Data repository scanning in 820 ms. Found 1 JPA repository interface.
2026-07-10 20:20:54 INFO  GenericScope - BeanFactory id=da17e58e-5b73-3206-bed5-870faaf56e10
2026-07-10 20:21:10 INFO  Version - HV000001: Hibernate Validator 8.0.3.Final
2026-07-10 20:21:11 INFO  JobServiceApplication - Starting JobServiceApplication v0.0.1-SNAPSHOT using Java 21.0.11 with PID 1 (/app/app.jar started by root in /app)
2026-07-10 20:21:11 DEBUG JobServiceApplication - Running with Spring Boot v3.5.14, Spring v6.2.18
2026-07-10 20:21:11 INFO  JobServiceApplication - No active profile set, falling back to 1 default profile: "default"
2026-07-10 20:21:19 INFO  RepositoryConfigurationDelegate - Bootstrapping Spring Data JPA repositories in DEFAULT mode.
2026-07-10 20:21:20 INFO  RepositoryConfigurationDelegate - Finished Spring Data repository scanning in 976 ms. Found 1 JPA repository interface.
2026-07-10 20:21:22 INFO  GenericScope - BeanFactory id=da17e58e-5b73-3206-bed5-870faaf56e10
2026-07-10 20:21:26 INFO  TomcatWebServer - Tomcat initialized with port 8082 (http)
2026-07-10 20:21:26 INFO  Http11NioProtocol - Initializing ProtocolHandler ["http-nio-8082"]
2026-07-10 20:21:26 INFO  StandardService - Starting service [Tomcat]
2026-07-10 20:21:26 INFO  StandardEngine - Starting Servlet engine: [Apache Tomcat/10.1.54]
2026-07-10 20:21:26 INFO  [/] - Initializing Spring embedded WebApplicationContext
2026-07-10 20:21:26 INFO  ServletWebServerApplicationContext - Root WebApplicationContext: initialization completed in 14465 ms
2026-07-10 20:21:29 INFO  LogHelper - HHH000204: Processing PersistenceUnitInfo [name: default]
2026-07-10 20:21:29 INFO  Version - HHH000412: Hibernate ORM core version 6.6.49.Final
2026-07-10 20:21:29 INFO  RegionFactoryInitiator - HHH000026: Second-level cache disabled
2026-07-10 20:21:32 INFO  SpringPersistenceUnitInfo - No LoadTimeWeaver setup: ignoring JPA class transformer
2026-07-10 20:21:32 INFO  HikariDataSource - HikariPool-1 - Starting...
2026-07-10 20:21:34 INFO  HikariPool - HikariPool-1 - Added connection com.mysql.cj.jdbc.ConnectionImpl@727f36dd
2026-07-10 20:21:35 INFO  HikariDataSource - HikariPool-1 - Start completed.
2026-07-10 20:21:35 WARN  deprecation - HHH90000025: MySQLDialect does not need to be specified explicitly using 'hibernate.dialect' (remove the property setting and it will be selected by default)
2026-07-10 20:21:35 INFO  pooling - HHH10001005: Database info:
	Database JDBC URL [Connecting through datasource 'HikariDataSource (HikariPool-1)']
	Database driver: undefined/unknown
	Database version: 8.4.10
	Autocommit mode: undefined/unknown
	Isolation level: undefined/unknown
	Minimum pool size: undefined/unknown
	Maximum pool size: undefined/unknown
2026-07-10 20:21:40 INFO  JtaPlatformInitiator - HHH000489: No JTA platform available (set 'hibernate.transaction.jta.platform' to enable JTA platform integration)
2026-07-10 20:21:40 INFO  LocalContainerEntityManagerFactoryBean - Initialized JPA EntityManagerFactory for persistence unit 'default'
2026-07-10 20:21:42 INFO  QueryEnhancerFactory - Hibernate is in classpath; If applicable, HQL parser will be used.
2026-07-10 20:21:45 WARN  JpaBaseConfiguration$JpaWebConfiguration - spring.jpa.open-in-view is enabled by default. Therefore, database queries may be performed during view rendering. Explicitly configure spring.jpa.open-in-view to disable this warning
2026-07-10 20:21:48 INFO  DiscoveryClientOptionalArgsConfiguration - Eureka HTTP Client uses RestTemplate.
2026-07-10 20:21:48 WARN  LoadBalancerCacheAutoConfiguration$LoadBalancerCaffeineWarnLogger - Spring Cloud LoadBalancer is currently working with the default cache. While this cache implementation is useful for development and tests, it's recommended to use Caffeine cache in production.You can switch to using Caffeine cache, by adding it and org.springframework.cache.caffeine.CaffeineCacheManager to the classpath.
2026-07-10 20:21:48 INFO  InstanceInfoFactory - Setting initial instance status as: STARTING
2026-07-10 20:21:48 INFO  DiscoveryClient - Initializing Eureka in region us-east-1
2026-07-10 20:21:48 INFO  ConfigClusterResolver - Resolving eureka endpoints via configuration
2026-07-10 20:21:48 INFO  DiscoveryClient - Disable delta property : false
2026-07-10 20:21:48 INFO  DiscoveryClient - Single vip registry refresh property : null
2026-07-10 20:21:48 INFO  DiscoveryClient - Force full registry fetch : false
2026-07-10 20:21:48 INFO  DiscoveryClient - Application is null : false
2026-07-10 20:21:48 INFO  DiscoveryClient - Registered Applications size is zero : true
2026-07-10 20:21:48 INFO  DiscoveryClient - Application version is -1: true
2026-07-10 20:21:48 INFO  DiscoveryClient - Getting all instance registry info from the eureka server
2026-07-10 20:21:50 INFO  DiscoveryClient - The response status is 200
2026-07-10 20:21:50 INFO  DiscoveryClient - Starting heartbeat executor: renew interval is: 30
2026-07-10 20:21:50 INFO  InstanceInfoReplicator - InstanceInfoReplicator onDemand update allowed rate per min is 4
2026-07-10 20:21:50 INFO  DiscoveryClient - Discovery Client initialized at timestamp 1783714910266 with initial instances count: 0
2026-07-10 20:21:50 INFO  EurekaServiceRegistry - Registering application JOB-SERVICE with eureka with status UP
2026-07-10 20:21:50 INFO  DiscoveryClient - Saw local status change event StatusChangeEvent [timestamp=1783714910300, current=UP, previous=STARTING]
2026-07-10 20:21:50 INFO  DiscoveryClient - DiscoveryClient_JOB-SERVICE/b30f55d83f13:JOB-SERVICE:8082: registering service...
2026-07-10 20:21:50 INFO  Http11NioProtocol - Starting ProtocolHandler ["http-nio-8082"]
2026-07-10 20:21:50 INFO  TomcatWebServer - Tomcat started on port 8082 (http) with context path '/'
2026-07-10 20:21:50 INFO  EurekaAutoServiceRegistration - Updating port to 8082
2026-07-10 20:21:50 INFO  JobServiceApplication - Started JobServiceApplication in 42.844 seconds (process running for 51.518)
2026-07-10 20:21:50 INFO  DiscoveryClient - DiscoveryClient_JOB-SERVICE/b30f55d83f13:JOB-SERVICE:8082 - registration status: 204
2026-07-10 20:22:20 INFO  DiscoveryClient - Disable delta property : false
2026-07-10 20:22:20 INFO  DiscoveryClient - Single vip registry refresh property : null
2026-07-10 20:22:20 INFO  DiscoveryClient - Force full registry fetch : false
2026-07-10 20:22:20 INFO  DiscoveryClient - Application is null : false
2026-07-10 20:22:20 INFO  DiscoveryClient - Registered Applications size is zero : true
2026-07-10 20:22:20 INFO  DiscoveryClient - Application version is -1: false
2026-07-10 20:22:20 INFO  DiscoveryClient - Getting all instance registry info from the eureka server
2026-07-12 19:15:46 INFO  Version - HV000001: Hibernate Validator 8.0.3.Final
2026-07-12 19:15:47 INFO  JobServiceApplication - Starting JobServiceApplication v0.0.1-SNAPSHOT using Java 21.0.11 with PID 1 (/app/app.jar started by root in /app)
2026-07-12 19:15:47 DEBUG JobServiceApplication - Running with Spring Boot v3.5.14, Spring v6.2.18
2026-07-12 19:15:47 INFO  JobServiceApplication - No active profile set, falling back to 1 default profile: "default"
2026-07-12 19:15:53 INFO  RepositoryConfigurationDelegate - Bootstrapping Spring Data JPA repositories in DEFAULT mode.
2026-07-12 19:15:54 INFO  RepositoryConfigurationDelegate - Finished Spring Data repository scanning in 441 ms. Found 1 JPA repository interface.
2026-07-12 19:15:56 INFO  GenericScope - BeanFactory id=da17e58e-5b73-3206-bed5-870faaf56e10
2026-07-12 19:15:59 INFO  TomcatWebServer - Tomcat initialized with port 8082 (http)
2026-07-12 19:15:59 INFO  Http11NioProtocol - Initializing ProtocolHandler ["http-nio-8082"]
2026-07-12 19:15:59 INFO  StandardService - Starting service [Tomcat]
2026-07-12 19:15:59 INFO  StandardEngine - Starting Servlet engine: [Apache Tomcat/10.1.54]
2026-07-12 19:15:59 INFO  [/] - Initializing Spring embedded WebApplicationContext
2026-07-12 19:15:59 INFO  ServletWebServerApplicationContext - Root WebApplicationContext: initialization completed in 11934 ms
2026-07-12 19:16:00 INFO  LogHelper - HHH000204: Processing PersistenceUnitInfo [name: default]
2026-07-12 19:16:00 INFO  Version - HHH000412: Hibernate ORM core version 6.6.49.Final
2026-07-12 19:16:00 INFO  RegionFactoryInitiator - HHH000026: Second-level cache disabled
2026-07-12 19:16:02 INFO  SpringPersistenceUnitInfo - No LoadTimeWeaver setup: ignoring JPA class transformer
