2026-07-10 14:05:09 INFO  Version - HV000001: Hibernate Validator 8.0.3.Final
2026-07-10 14:05:09 INFO  AiScreeningServiceApplication - Starting AiScreeningServiceApplication v0.0.1-SNAPSHOT using Java 21.0.11 with PID 1 (/app/app.jar started by root in /app)
2026-07-10 14:05:09 DEBUG AiScreeningServiceApplication - Running with Spring Boot v3.5.16, Spring v6.2.19
2026-07-10 14:05:09 INFO  AiScreeningServiceApplication - No active profile set, falling back to 1 default profile: "default"
2026-07-10 14:05:16 INFO  RepositoryConfigurationDelegate - Bootstrapping Spring Data MongoDB repositories in DEFAULT mode.
2026-07-10 14:05:16 INFO  RepositoryConfigurationDelegate - Finished Spring Data repository scanning in 487 ms. Found 1 MongoDB repository interface.
2026-07-10 14:05:18 INFO  GenericScope - BeanFactory id=26347382-e24c-3f51-a990-ffc1096b85b8
2026-07-10 14:05:20 INFO  TomcatWebServer - Tomcat initialized with port 8084 (http)
2026-07-10 14:05:20 INFO  Http11NioProtocol - Initializing ProtocolHandler ["http-nio-8084"]
2026-07-10 14:05:20 INFO  StandardService - Starting service [Tomcat]
2026-07-10 14:05:20 INFO  StandardEngine - Starting Servlet engine: [Apache Tomcat/10.1.55]
2026-07-10 14:05:21 INFO  [/] - Initializing Spring embedded WebApplicationContext
2026-07-10 14:05:21 INFO  ServletWebServerApplicationContext - Root WebApplicationContext: initialization completed in 11278 ms
2026-07-10 14:05:22 INFO  client - MongoClient with metadata {"driver": {"name": "mongo-java-driver|sync|spring-boot", "version": "5.5.2"}, "os": {"type": "Linux", "name": "Linux", "architecture": "amd64", "version": "6.18.33.2-microsoft-standard-WSL2"}, "platform": "Java/Eclipse Adoptium/21.0.11+10-LTS", "env": {"container": {"runtime": "docker"}}} created with settings MongoClientSettings{readPreference=primary, writeConcern=WriteConcern{w=null, wTimeout=null ms, journal=null}, retryWrites=true, retryReads=true, readConcern=ReadConcern{level=null}, credential=null, transportSettings=null, commandListeners=[], codecRegistry=ProvidersCodecRegistry{codecProviders=[ValueCodecProvider{}, BsonValueCodecProvider{}, DBRefCodecProvider{}, DBObjectCodecProvider{}, DocumentCodecProvider{}, CollectionCodecProvider{}, IterableCodecProvider{}, MapCodecProvider{}, GeoJsonCodecProvider{}, GridFSFileCodecProvider{}, Jsr310CodecProvider{}, JsonObjectCodecProvider{}, BsonCodecProvider{}, EnumCodecProvider{}, com.mongodb.client.model.mql.ExpressionCodecProvider@5efe5b25, com.mongodb.Jep395RecordCodecProvider@45707f76, com.mongodb.KotlinCodecProvider@1f0e2bdc]}, loggerSettings=LoggerSettings{maxDocumentLength=1000}, clusterSettings={hosts=[mongo:27017], srvServiceName=mongodb, mode=SINGLE, requiredClusterType=UNKNOWN, requiredReplicaSetName='null', serverSelector='null', clusterListeners='[]', serverSelectionTimeout='30000 ms', localThreshold='15 ms'}, socketSettings=SocketSettings{connectTimeoutMS=10000, readTimeoutMS=0, receiveBufferSize=0, proxySettings=ProxySettings{host=null, port=null, username=null, password=null}}, heartbeatSocketSettings=SocketSettings{connectTimeoutMS=10000, readTimeoutMS=10000, receiveBufferSize=0, proxySettings=ProxySettings{host=null, port=null, username=null, password=null}}, connectionPoolSettings=ConnectionPoolSettings{maxSize=100, minSize=0, maxWaitTimeMS=120000, maxConnectionLifeTimeMS=0, maxConnectionIdleTimeMS=0, maintenanceInitialDelayMS=0, maintenanceFrequencyMS=60000, connectionPoolListeners=[], maxConnecting=2}, serverSettings=ServerSettings{heartbeatFrequencyMS=10000, minHeartbeatFrequencyMS=500, serverMonitoringMode=AUTO, serverListeners='[]', serverMonitorListeners='[]'}, sslSettings=SslSettings{enabled=false, invalidHostNameAllowed=false, context=null}, applicationName='null', compressorList=[], uuidRepresentation=JAVA_LEGACY, serverApi=null, autoEncryptionSettings=null, dnsClient=null, inetAddressResolver=null, contextProvider=null, timeoutMS=null}
2026-07-10 14:05:22 INFO  cluster - Monitor thread successfully connected to server with description ServerDescription{address=mongo:27017, type=STANDALONE, cryptd=false, state=CONNECTED, ok=true, minWireVersion=0, maxWireVersion=21, maxDocumentSize=16777216, logicalSessionTimeoutMinutes=30, roundTripTimeNanos=91401303, minRoundTripTimeNanos=0}
2026-07-10 14:05:28 INFO  FeignClientFactoryBean - For 'CANDIDATE-SERVICE' URL not provided. Will try picking an instance via load-balancing.
2026-07-10 14:05:29 INFO  FeignClientFactoryBean - For 'JOB-SERVICE' URL not provided. Will try picking an instance via load-balancing.
2026-07-10 14:05:32 INFO  DiscoveryClientOptionalArgsConfiguration - Eureka HTTP Client uses RestTemplate.
2026-07-10 14:05:32 WARN  LoadBalancerCacheAutoConfiguration$LoadBalancerCaffeineWarnLogger - Spring Cloud LoadBalancer is currently working with the default cache. While this cache implementation is useful for development and tests, it's recommended to use Caffeine cache in production.You can switch to using Caffeine cache, by adding it and org.springframework.cache.caffeine.CaffeineCacheManager to the classpath.
2026-07-10 14:05:33 INFO  InstanceInfoFactory - Setting initial instance status as: STARTING
2026-07-10 14:05:33 INFO  DiscoveryClient - Initializing Eureka in region us-east-1
2026-07-10 14:05:33 INFO  ConfigClusterResolver - Resolving eureka endpoints via configuration
2026-07-10 14:05:33 INFO  DiscoveryClient - Disable delta property : false
2026-07-10 14:05:33 INFO  DiscoveryClient - Single vip registry refresh property : null
2026-07-10 14:05:33 INFO  DiscoveryClient - Force full registry fetch : false
2026-07-10 14:05:33 INFO  DiscoveryClient - Application is null : false
2026-07-10 14:05:33 INFO  DiscoveryClient - Registered Applications size is zero : true
2026-07-10 14:05:33 INFO  DiscoveryClient - Application version is -1: true
2026-07-10 14:05:33 INFO  DiscoveryClient - Getting all instance registry info from the eureka server
2026-07-10 14:05:35 INFO  DiscoveryClient - The response status is 200
2026-07-10 14:05:35 INFO  DiscoveryClient - Starting heartbeat executor: renew interval is: 30
2026-07-10 14:05:35 INFO  InstanceInfoReplicator - InstanceInfoReplicator onDemand update allowed rate per min is 4
2026-07-10 14:05:35 INFO  DiscoveryClient - Discovery Client initialized at timestamp 1783692335681 with initial instances count: 0
2026-07-10 14:05:35 INFO  EurekaServiceRegistry - Registering application AI-SCREENING-SERVICE with eureka with status UP
2026-07-10 14:05:35 INFO  DiscoveryClient - Saw local status change event StatusChangeEvent [timestamp=1783692335708, current=UP, previous=STARTING]
2026-07-10 14:05:35 INFO  DiscoveryClient - DiscoveryClient_AI-SCREENING-SERVICE/c7869d464f1d:AI-SCREENING-SERVICE:8084: registering service...
2026-07-10 14:05:35 INFO  Http11NioProtocol - Starting ProtocolHandler ["http-nio-8084"]
2026-07-10 14:05:35 INFO  TomcatWebServer - Tomcat started on port 8084 (http) with context path '/'
2026-07-10 14:05:35 INFO  EurekaAutoServiceRegistration - Updating port to 8084
2026-07-10 14:05:36 INFO  ConsumerConfig - ConsumerConfig values: 
	allow.auto.create.topics = true
	auto.commit.interval.ms = 5000
	auto.include.jmx.reporter = true
	auto.offset.reset = latest
	bootstrap.servers = [kafka:9092]
	check.crcs = true
	client.dns.lookup = use_all_dns_ips
	client.id = consumer-screening-group-1
	client.rack = 
	connections.max.idle.ms = 540000
	default.api.timeout.ms = 60000
	enable.auto.commit = false
	enable.metrics.push = true
	exclude.internal.topics = true
	fetch.max.bytes = 52428800
	fetch.max.wait.ms = 500
	fetch.min.bytes = 1
	group.id = screening-group
	group.instance.id = null
	group.protocol = classic
	group.remote.assignor = null
	heartbeat.interval.ms = 3000
	interceptor.classes = []
	internal.leave.group.on.close = true
	internal.throw.on.fetch.stable.offset.unsupported = false
	isolation.level = read_uncommitted
	key.deserializer = class org.apache.kafka.common.serialization.StringDeserializer
	max.partition.fetch.bytes = 1048576
	max.poll.interval.ms = 300000
	max.poll.records = 500
	metadata.max.age.ms = 300000
	metadata.recovery.strategy = none
	metric.reporters = []
	metrics.num.samples = 2
	metrics.recording.level = INFO
	metrics.sample.window.ms = 30000
	partition.assignment.strategy = [class org.apache.kafka.clients.consumer.RangeAssignor, class org.apache.kafka.clients.consumer.CooperativeStickyAssignor]
	receive.buffer.bytes = 65536
	reconnect.backoff.max.ms = 1000
	reconnect.backoff.ms = 50
	request.timeout.ms = 30000
	retry.backoff.max.ms = 1000
	retry.backoff.ms = 100
	sasl.client.callback.handler.class = null
	sasl.jaas.config = null
	sasl.kerberos.kinit.cmd = /usr/bin/kinit
	sasl.kerberos.min.time.before.relogin = 60000
	sasl.kerberos.service.name = null
	sasl.kerberos.ticket.renew.jitter = 0.05
	sasl.kerberos.ticket.renew.window.factor = 0.8
	sasl.login.callback.handler.class = null
	sasl.login.class = null
	sasl.login.connect.timeout.ms = null
	sasl.login.read.timeout.ms = null
	sasl.login.refresh.buffer.seconds = 300
	sasl.login.refresh.min.period.seconds = 60
	sasl.login.refresh.window.factor = 0.8
	sasl.login.refresh.window.jitter = 0.05
	sasl.login.retry.backoff.max.ms = 10000
	sasl.login.retry.backoff.ms = 100
	sasl.mechanism = GSSAPI
	sasl.oauthbearer.clock.skew.seconds = 30
	sasl.oauthbearer.expected.audience = null
	sasl.oauthbearer.expected.issuer = null
	sasl.oauthbearer.header.urlencode = false
	sasl.oauthbearer.jwks.endpoint.refresh.ms = 3600000
	sasl.oauthbearer.jwks.endpoint.retry.backoff.max.ms = 10000
	sasl.oauthbearer.jwks.endpoint.retry.backoff.ms = 100
	sasl.oauthbearer.jwks.endpoint.url = null
	sasl.oauthbearer.scope.claim.name = scope
	sasl.oauthbearer.sub.claim.name = sub
	sasl.oauthbearer.token.endpoint.url = null
	security.protocol = PLAINTEXT
	security.providers = null
	send.buffer.bytes = 131072
	session.timeout.ms = 45000
	socket.connection.setup.timeout.max.ms = 30000
	socket.connection.setup.timeout.ms = 10000
	ssl.cipher.suites = null
	ssl.enabled.protocols = [TLSv1.2, TLSv1.3]
	ssl.endpoint.identification.algorithm = https
	ssl.engine.factory.class = null
	ssl.key.password = null
	ssl.keymanager.algorithm = SunX509
	ssl.keystore.certificate.chain = null
	ssl.keystore.key = null
	ssl.keystore.location = null
	ssl.keystore.password = null
	ssl.keystore.type = JKS
	ssl.protocol = TLSv1.3
	ssl.provider = null
	ssl.secure.random.implementation = null
	ssl.trustmanager.algorithm = PKIX
	ssl.truststore.certificates = null
	ssl.truststore.location = null
	ssl.truststore.password = null
	ssl.truststore.type = JKS
	value.deserializer = class org.apache.kafka.common.serialization.StringDeserializer

2026-07-10 14:05:36 INFO  KafkaMetricsCollector - initializing Kafka metrics collector
2026-07-10 14:05:36 INFO  DiscoveryClient - DiscoveryClient_AI-SCREENING-SERVICE/c7869d464f1d:AI-SCREENING-SERVICE:8084 - registration status: 204
2026-07-10 14:05:37 INFO  AppInfoParser - Kafka version: 3.9.2
2026-07-10 14:05:37 INFO  AppInfoParser - Kafka commitId: 5e9866f43ab8e7e4
2026-07-10 14:05:37 INFO  AppInfoParser - Kafka startTimeMs: 1783692337016
2026-07-10 14:05:37 INFO  ClassicKafkaConsumer - [Consumer clientId=consumer-screening-group-1, groupId=screening-group] Subscribed to topic(s): arshdeep
2026-07-10 14:05:37 INFO  AiScreeningServiceApplication - Started AiScreeningServiceApplication in 30.035 seconds (process running for 35.5)
2026-07-10 14:05:38 INFO  NetworkClient - [Consumer clientId=consumer-screening-group-1, groupId=screening-group] Node -1 disconnected.
2026-07-10 14:05:38 WARN  NetworkClient - [Consumer clientId=consumer-screening-group-1, groupId=screening-group] Connection to node -1 (kafka/172.19.0.5:9092) could not be established. Node may not be available.
2026-07-10 14:05:38 WARN  NetworkClient - [Consumer clientId=consumer-screening-group-1, groupId=screening-group] Bootstrap broker kafka:9092 (id: -1 rack: null) disconnected
2026-07-10 14:05:38 INFO  NetworkClient - [Consumer clientId=consumer-screening-group-1, groupId=screening-group] Node -1 disconnected.
2026-07-10 14:05:38 WARN  NetworkClient - [Consumer clientId=consumer-screening-group-1, groupId=screening-group] Connection to node -1 (kafka/172.19.0.5:9092) could not be established. Node may not be available.
2026-07-10 14:05:38 WARN  NetworkClient - [Consumer clientId=consumer-screening-group-1, groupId=screening-group] Bootstrap broker kafka:9092 (id: -1 rack: null) disconnected
2026-07-10 14:05:38 INFO  NetworkClient - [Consumer clientId=consumer-screening-group-1, groupId=screening-group] Node -1 disconnected.
2026-07-10 14:05:38 WARN  NetworkClient - [Consumer clientId=consumer-screening-group-1, groupId=screening-group] Connection to node -1 (kafka/172.19.0.5:9092) could not be established. Node may not be available.
2026-07-10 14:05:38 WARN  NetworkClient - [Consumer clientId=consumer-screening-group-1, groupId=screening-group] Bootstrap broker kafka:9092 (id: -1 rack: null) disconnected
2026-07-10 14:05:38 INFO  NetworkClient - [Consumer clientId=consumer-screening-group-1, groupId=screening-group] Node -1 disconnected.
2026-07-10 14:05:38 WARN  NetworkClient - [Consumer clientId=consumer-screening-group-1, groupId=screening-group] Connection to node -1 (kafka/172.19.0.5:9092) could not be established. Node may not be available.
2026-07-10 14:05:38 WARN  NetworkClient - [Consumer clientId=consumer-screening-group-1, groupId=screening-group] Bootstrap broker kafka:9092 (id: -1 rack: null) disconnected
2026-07-10 14:05:38 INFO  NetworkClient - [Consumer clientId=consumer-screening-group-1, groupId=screening-group] Node -1 disconnected.
2026-07-10 14:05:38 WARN  NetworkClient - [Consumer clientId=consumer-screening-group-1, groupId=screening-group] Connection to node -1 (kafka/172.19.0.5:9092) could not be established. Node may not be available.
2026-07-10 14:05:38 WARN  NetworkClient - [Consumer clientId=consumer-screening-group-1, groupId=screening-group] Bootstrap broker kafka:9092 (id: -1 rack: null) disconnected
2026-07-10 14:05:39 INFO  NetworkClient - [Consumer clientId=consumer-screening-group-1, groupId=screening-group] Node -1 disconnected.
2026-07-10 14:05:39 WARN  NetworkClient - [Consumer clientId=consumer-screening-group-1, groupId=screening-group] Connection to node -1 (kafka/172.19.0.5:9092) could not be established. Node may not be available.
2026-07-10 14:05:39 WARN  NetworkClient - [Consumer clientId=consumer-screening-group-1, groupId=screening-group] Bootstrap broker kafka:9092 (id: -1 rack: null) disconnected
2026-07-10 14:05:40 INFO  NetworkClient - [Consumer clientId=consumer-screening-group-1, groupId=screening-group] Node -1 disconnected.
2026-07-10 14:05:40 WARN  NetworkClient - [Consumer clientId=consumer-screening-group-1, groupId=screening-group] Connection to node -1 (kafka/172.19.0.5:9092) could not be established. Node may not be available.
2026-07-10 14:05:40 WARN  NetworkClient - [Consumer clientId=consumer-screening-group-1, groupId=screening-group] Bootstrap broker kafka:9092 (id: -1 rack: null) disconnected
2026-07-10 14:05:42 INFO  Metadata - [Consumer clientId=consumer-screening-group-1, groupId=screening-group] Cluster ID: fmIVbaSeQx6N001VyPtjMA
2026-07-10 14:05:42 INFO  ConsumerCoordinator - [Consumer clientId=consumer-screening-group-1, groupId=screening-group] Discovered group coordinator kafka:9092 (id: 2147483646 rack: null)
2026-07-10 14:05:42 INFO  ConsumerCoordinator - [Consumer clientId=consumer-screening-group-1, groupId=screening-group] (Re-)joining group
2026-07-10 14:05:42 INFO  ConsumerCoordinator - [Consumer clientId=consumer-screening-group-1, groupId=screening-group] Request joining group due to: need to re-join with the given member-id: consumer-screening-group-1-a715e044-c0de-49e8-ab20-4ce2e69db5ce
2026-07-10 14:05:42 INFO  ConsumerCoordinator - [Consumer clientId=consumer-screening-group-1, groupId=screening-group] (Re-)joining group
2026-07-10 14:06:05 INFO  DiscoveryClient - Disable delta property : false
2026-07-10 14:06:05 INFO  DiscoveryClient - Single vip registry refresh property : null
2026-07-10 14:06:05 INFO  DiscoveryClient - Force full registry fetch : false
2026-07-10 14:06:05 INFO  DiscoveryClient - Application is null : false
2026-07-10 14:06:05 INFO  DiscoveryClient - Registered Applications size is zero : true
2026-07-10 14:06:05 INFO  DiscoveryClient - Application version is -1: false
2026-07-10 14:06:05 INFO  DiscoveryClient - Getting all instance registry info from the eureka server
2026-07-10 14:06:05 INFO  DiscoveryClient - The response status is 200
2026-07-10 14:06:27 INFO  ConsumerCoordinator - [Consumer clientId=consumer-screening-group-1, groupId=screening-group] Successfully joined group with generation Generation{generationId=5, memberId='consumer-screening-group-1-a715e044-c0de-49e8-ab20-4ce2e69db5ce', protocol='range'}
2026-07-10 14:06:27 INFO  ConsumerCoordinator - [Consumer clientId=consumer-screening-group-1, groupId=screening-group] Finished assignment for group at generation 5: {consumer-screening-group-1-a715e044-c0de-49e8-ab20-4ce2e69db5ce=Assignment(partitions=[arshdeep-0])}
2026-07-10 14:06:27 INFO  ConsumerCoordinator - [Consumer clientId=consumer-screening-group-1, groupId=screening-group] Successfully synced group in generation Generation{generationId=5, memberId='consumer-screening-group-1-a715e044-c0de-49e8-ab20-4ce2e69db5ce', protocol='range'}
2026-07-10 14:06:27 INFO  ConsumerCoordinator - [Consumer clientId=consumer-screening-group-1, groupId=screening-group] Notifying assignor about the new Assignment(partitions=[arshdeep-0])
2026-07-10 14:06:27 INFO  ConsumerRebalanceListenerInvoker - [Consumer clientId=consumer-screening-group-1, groupId=screening-group] Adding newly assigned partitions: arshdeep-0
2026-07-10 14:06:27 INFO  ConsumerUtils - Setting offset for partition arshdeep-0 to the committed offset FetchPosition{offset=0, offsetEpoch=Optional.empty, currentLeader=LeaderAndEpoch{leader=Optional[kafka:9092 (id: 1 rack: null)], epoch=0}}
2026-07-10 14:06:27 INFO  KafkaMessageListenerContainer - screening-group: partitions assigned: [arshdeep-0]
2026-07-10 14:06:40 INFO  [/] - Initializing Spring DispatcherServlet 'dispatcherServlet'
2026-07-10 14:06:40 INFO  DispatcherServlet - Initializing Servlet 'dispatcherServlet'
2026-07-10 14:06:40 INFO  DispatcherServlet - Completed initialization in 2 ms
2026-07-10 14:06:40 INFO  AbstractOpenApiResource - Init duration for springdoc-openapi is: 336 ms
2026-07-10 14:10:33 INFO  ConfigClusterResolver - Resolving eureka endpoints via configuration
2026-07-10 14:15:33 INFO  ConfigClusterResolver - Resolving eureka endpoints via configuration
2026-07-10 14:20:33 INFO  ConfigClusterResolver - Resolving eureka endpoints via configuration
2026-07-10 14:25:33 INFO  ConfigClusterResolver - Resolving eureka endpoints via configuration
2026-07-10 14:30:33 INFO  ConfigClusterResolver - Resolving eureka endpoints via configuration
2026-07-10 14:35:33 INFO  ConfigClusterResolver - Resolving eureka endpoints via configuration
2026-07-10 14:40:33 INFO  ConfigClusterResolver - Resolving eureka endpoints via configuration
2026-07-10 14:45:33 INFO  ConfigClusterResolver - Resolving eureka endpoints via configuration
2026-07-10 14:50:33 INFO  ConfigClusterResolver - Resolving eureka endpoints via configuration
2026-07-10 14:55:33 INFO  ConfigClusterResolver - Resolving eureka endpoints via configuration
2026-07-10 15:00:33 INFO  ConfigClusterResolver - Resolving eureka endpoints via configuration
2026-07-10 15:05:33 INFO  ConfigClusterResolver - Resolving eureka endpoints via configuration
2026-07-10 15:10:33 INFO  ConfigClusterResolver - Resolving eureka endpoints via configuration
2026-07-10 15:15:33 INFO  ConfigClusterResolver - Resolving eureka endpoints via configuration
2026-07-10 15:20:33 INFO  ConfigClusterResolver - Resolving eureka endpoints via configuration
2026-07-10 15:25:33 INFO  ConfigClusterResolver - Resolving eureka endpoints via configuration
2026-07-10 15:30:33 INFO  ConfigClusterResolver - Resolving eureka endpoints via configuration
2026-07-10 15:35:33 INFO  ConfigClusterResolver - Resolving eureka endpoints via configuration
2026-07-10 15:40:33 INFO  ConfigClusterResolver - Resolving eureka endpoints via configuration
2026-07-10 15:45:33 INFO  ConfigClusterResolver - Resolving eureka endpoints via configuration
2026-07-10 15:50:33 INFO  ConfigClusterResolver - Resolving eureka endpoints via configuration
2026-07-10 15:55:33 INFO  ConfigClusterResolver - Resolving eureka endpoints via configuration
2026-07-10 16:06:58 INFO  ConsumerCoordinator - [Consumer clientId=consumer-screening-group-1, groupId=screening-group] Group coordinator kafka:9092 (id: 2147483646 rack: null) is unavailable or invalid due to cause: session timed out without receiving a heartbeat response. isDisconnected: false. Rediscovery will be attempted.
2026-07-10 16:06:58 INFO  ConsumerCoordinator - [Consumer clientId=consumer-screening-group-1, groupId=screening-group] Requesting disconnect from last known coordinator kafka:9092 (id: 2147483646 rack: null)
2026-07-10 16:06:58 INFO  NetworkClient - [Consumer clientId=consumer-screening-group-1, groupId=screening-group] Client requested disconnect from node 2147483646
2026-07-10 16:06:58 INFO  ConsumerCoordinator - [Consumer clientId=consumer-screening-group-1, groupId=screening-group] Discovered group coordinator kafka:9092 (id: 2147483646 rack: null)
2026-07-10 16:06:58 INFO  ConsumerCoordinator - [Consumer clientId=consumer-screening-group-1, groupId=screening-group] Group coordinator kafka:9092 (id: 2147483646 rack: null) is unavailable or invalid due to cause: coordinator unavailable. isDisconnected: false. Rediscovery will be attempted.
2026-07-10 16:06:58 INFO  ConsumerCoordinator - [Consumer clientId=consumer-screening-group-1, groupId=screening-group] Requesting disconnect from last known coordinator kafka:9092 (id: 2147483646 rack: null)
2026-07-10 16:06:58 INFO  ConsumerCoordinator - [Consumer clientId=consumer-screening-group-1, groupId=screening-group] Discovered group coordinator kafka:9092 (id: 2147483646 rack: null)
2026-07-10 16:07:26 INFO  ConfigClusterResolver - Resolving eureka endpoints via configuration
2026-07-10 16:12:26 INFO  ConfigClusterResolver - Resolving eureka endpoints via configuration
2026-07-10 16:17:26 INFO  ConfigClusterResolver - Resolving eureka endpoints via configuration
