2026-07-10 16:18:40 INFO  Version - HV000001: Hibernate Validator 8.0.3.Final
2026-07-10 16:18:40 INFO  ApiGatewayApplication - Starting ApiGatewayApplication v0.0.1-SNAPSHOT using Java 21.0.11 with PID 1 (/app/app.jar started by root in /app)
2026-07-10 16:18:40 DEBUG ApiGatewayApplication - Running with Spring Boot v3.5.16, Spring v6.2.19
2026-07-10 16:18:40 INFO  ApiGatewayApplication - No active profile set, falling back to 1 default profile: "default"
2026-07-10 16:18:41 INFO  GenericScope - BeanFactory id=3d68d9a6-c139-3795-9510-c72188784b45
2026-07-10 16:18:42 INFO  TomcatWebServer - Tomcat initialized with port 8085 (http)
2026-07-10 16:18:42 INFO  Http11NioProtocol - Initializing ProtocolHandler ["http-nio-8085"]
2026-07-10 16:18:42 INFO  StandardService - Starting service [Tomcat]
2026-07-10 16:18:42 INFO  StandardEngine - Starting Servlet engine: [Apache Tomcat/10.1.55]
2026-07-10 16:18:42 INFO  [/] - Initializing Spring embedded WebApplicationContext
2026-07-10 16:18:42 INFO  ServletWebServerApplicationContext - Root WebApplicationContext: initialization completed in 1539 ms
2026-07-10 16:18:42 DEBUG JwtAuthenticationFilter - Filter 'jwtAuthenticationFilter' configured for use
2026-07-10 16:18:42 WARN  UserDetailsServiceAutoConfiguration - 

Using generated security password: 114c3c6a-60ab-44ff-b8f9-df6416d3fad1

This generated password is for development use only. Your security configuration must be updated before running your application in production.

2026-07-10 16:18:42 INFO  InitializeUserDetailsBeanManagerConfigurer$InitializeUserDetailsManagerConfigurer - Global AuthenticationManager configured with UserDetailsService bean with name inMemoryUserDetailsManager
2026-07-10 16:18:43 INFO  DiscoveryClientOptionalArgsConfiguration - Eureka HTTP Client uses RestTemplate.
2026-07-10 16:18:43 WARN  LoadBalancerCacheAutoConfiguration$LoadBalancerCaffeineWarnLogger - Spring Cloud LoadBalancer is currently working with the default cache. While this cache implementation is useful for development and tests, it's recommended to use Caffeine cache in production.You can switch to using Caffeine cache, by adding it and org.springframework.cache.caffeine.CaffeineCacheManager to the classpath.
2026-07-10 16:18:43 INFO  InstanceInfoFactory - Setting initial instance status as: STARTING
2026-07-10 16:18:43 INFO  DiscoveryClient - Initializing Eureka in region us-east-1
2026-07-10 16:18:43 INFO  ConfigClusterResolver - Resolving eureka endpoints via configuration
2026-07-10 16:18:43 INFO  DiscoveryClient - Disable delta property : false
2026-07-10 16:18:43 INFO  DiscoveryClient - Single vip registry refresh property : null
2026-07-10 16:18:43 INFO  DiscoveryClient - Force full registry fetch : false
2026-07-10 16:18:43 INFO  DiscoveryClient - Application is null : false
2026-07-10 16:18:43 INFO  DiscoveryClient - Registered Applications size is zero : true
2026-07-10 16:18:43 INFO  DiscoveryClient - Application version is -1: true
2026-07-10 16:18:43 INFO  DiscoveryClient - Getting all instance registry info from the eureka server
2026-07-10 16:18:44 INFO  DiscoveryClient - The response status is 200
2026-07-10 16:18:44 INFO  DiscoveryClient - Starting heartbeat executor: renew interval is: 30
2026-07-10 16:18:44 INFO  InstanceInfoReplicator - InstanceInfoReplicator onDemand update allowed rate per min is 4
2026-07-10 16:18:44 INFO  DiscoveryClient - Discovery Client initialized at timestamp 1783700324610 with initial instances count: 6
2026-07-10 16:18:44 INFO  EurekaServiceRegistry - Registering application API-GATEWAY with eureka with status UP
2026-07-10 16:18:44 INFO  DiscoveryClient - Saw local status change event StatusChangeEvent [timestamp=1783700324618, current=UP, previous=STARTING]
2026-07-10 16:18:44 INFO  DiscoveryClient - DiscoveryClient_API-GATEWAY/4334f22f7de6:API-GATEWAY:8085: registering service...
2026-07-10 16:18:44 INFO  Http11NioProtocol - Starting ProtocolHandler ["http-nio-8085"]
2026-07-10 16:18:44 INFO  TomcatWebServer - Tomcat started on port 8085 (http) with context path '/'
2026-07-10 16:18:44 INFO  EurekaAutoServiceRegistration - Updating port to 8085
2026-07-10 16:18:44 INFO  ApiGatewayApplication - Started ApiGatewayApplication in 4.757 seconds (process running for 6.139)
2026-07-10 16:18:44 WARN  GatewayServerWebMvcPropertiesMigrationListener - 
The use of configuration keys that have been renamed was found in the environment:

Property source 'Config resource 'class path resource [application.properties]' via location 'optional:classpath:/'':
	Key: spring.cloud.gateway.mvc.routes[0].id
		Line: 28
		Replacement: spring.cloud.gateway.server.webmvc.routes[0].id
	Key: spring.cloud.gateway.mvc.routes[0].uri
		Line: 29
		Replacement: spring.cloud.gateway.server.webmvc.routes[0].uri
	Key: spring.cloud.gateway.mvc.routes[0].predicates[0]
		Line: 30
		Replacement: spring.cloud.gateway.server.webmvc.routes[0].predicates[0]
	Key: spring.cloud.gateway.mvc.routes[0].filters[0]
		Line: 31
		Replacement: spring.cloud.gateway.server.webmvc.routes[0].filters[0]
	Key: spring.cloud.gateway.mvc.routes[1].id
		Line: 34
		Replacement: spring.cloud.gateway.server.webmvc.routes[1].id
	Key: spring.cloud.gateway.mvc.routes[1].uri
		Line: 35
		Replacement: spring.cloud.gateway.server.webmvc.routes[1].uri
	Key: spring.cloud.gateway.mvc.routes[1].predicates[0]
		Line: 36
		Replacement: spring.cloud.gateway.server.webmvc.routes[1].predicates[0]
	Key: spring.cloud.gateway.mvc.routes[1].filters[0]
		Line: 37
		Replacement: spring.cloud.gateway.server.webmvc.routes[1].filters[0]
	Key: spring.cloud.gateway.mvc.routes[2].id
		Line: 40
		Replacement: spring.cloud.gateway.server.webmvc.routes[2].id
	Key: spring.cloud.gateway.mvc.routes[2].uri
		Line: 41
		Replacement: spring.cloud.gateway.server.webmvc.routes[2].uri
	Key: spring.cloud.gateway.mvc.routes[2].predicates[0]
		Line: 42
		Replacement: spring.cloud.gateway.server.webmvc.routes[2].predicates[0]
	Key: spring.cloud.gateway.mvc.routes[2].filters[0]
		Line: 43
		Replacement: spring.cloud.gateway.server.webmvc.routes[2].filters[0]
	Key: spring.cloud.gateway.mvc.routes[3].id
		Line: 46
		Replacement: spring.cloud.gateway.server.webmvc.routes[3].id
	Key: spring.cloud.gateway.mvc.routes[3].uri
		Line: 47
		Replacement: spring.cloud.gateway.server.webmvc.routes[3].uri
	Key: spring.cloud.gateway.mvc.routes[3].predicates[0]
		Line: 48
		Replacement: spring.cloud.gateway.server.webmvc.routes[3].predicates[0]
	Key: spring.cloud.gateway.mvc.routes[3].filters[0]
		Line: 49
		Replacement: spring.cloud.gateway.server.webmvc.routes[3].filters[0]
	Key: spring.cloud.gateway.mvc.routes[4].id
		Line: 52
		Replacement: spring.cloud.gateway.server.webmvc.routes[4].id
	Key: spring.cloud.gateway.mvc.routes[4].uri
		Line: 53
		Replacement: spring.cloud.gateway.server.webmvc.routes[4].uri
	Key: spring.cloud.gateway.mvc.routes[4].predicates[0]
		Line: 54
		Replacement: spring.cloud.gateway.server.webmvc.routes[4].predicates[0]
	Key: spring.cloud.gateway.mvc.routes[4].filters[0]
		Line: 55
		Replacement: spring.cloud.gateway.server.webmvc.routes[4].filters[0]
	Key: spring.cloud.gateway.mvc.routes[5].id
		Line: 62
		Replacement: spring.cloud.gateway.server.webmvc.routes[5].id
	Key: spring.cloud.gateway.mvc.routes[5].uri
		Line: 63
		Replacement: spring.cloud.gateway.server.webmvc.routes[5].uri
	Key: spring.cloud.gateway.mvc.routes[5].predicates[0]
		Line: 64
		Replacement: spring.cloud.gateway.server.webmvc.routes[5].predicates[0]
	Key: spring.cloud.gateway.mvc.routes[6].id
		Line: 67
		Replacement: spring.cloud.gateway.server.webmvc.routes[6].id
	Key: spring.cloud.gateway.mvc.routes[6].uri
		Line: 68
		Replacement: spring.cloud.gateway.server.webmvc.routes[6].uri
	Key: spring.cloud.gateway.mvc.routes[6].predicates[0]
		Line: 69
		Replacement: spring.cloud.gateway.server.webmvc.routes[6].predicates[0]
	Key: spring.cloud.gateway.mvc.routes[7].id
		Line: 72
		Replacement: spring.cloud.gateway.server.webmvc.routes[7].id
	Key: spring.cloud.gateway.mvc.routes[7].uri
		Line: 73
		Replacement: spring.cloud.gateway.server.webmvc.routes[7].uri
	Key: spring.cloud.gateway.mvc.routes[7].predicates[0]
		Line: 74
		Replacement: spring.cloud.gateway.server.webmvc.routes[7].predicates[0]
	Key: spring.cloud.gateway.mvc.routes[8].id
		Line: 77
		Replacement: spring.cloud.gateway.server.webmvc.routes[8].id
	Key: spring.cloud.gateway.mvc.routes[8].uri
		Line: 78
		Replacement: spring.cloud.gateway.server.webmvc.routes[8].uri
	Key: spring.cloud.gateway.mvc.routes[8].predicates[0]
		Line: 79
		Replacement: spring.cloud.gateway.server.webmvc.routes[8].predicates[0]
	Key: spring.cloud.gateway.mvc.routes[9].id
		Line: 82
		Replacement: spring.cloud.gateway.server.webmvc.routes[9].id
	Key: spring.cloud.gateway.mvc.routes[9].uri
		Line: 83
		Replacement: spring.cloud.gateway.server.webmvc.routes[9].uri
	Key: spring.cloud.gateway.mvc.routes[9].predicates[0]
		Line: 84
		Replacement: spring.cloud.gateway.server.webmvc.routes[9].predicates[0]


Each configuration key has been temporarily mapped to its replacement for your convenience. To silence this warning, please update your configuration to use the new keys.

2026-07-10 16:18:44 INFO  DiscoveryClient - DiscoveryClient_API-GATEWAY/4334f22f7de6:API-GATEWAY:8085 - registration status: 204
2026-07-10 16:18:49 INFO  [/] - Initializing Spring DispatcherServlet 'dispatcherServlet'
2026-07-10 16:18:49 INFO  DispatcherServlet - Initializing Servlet 'dispatcherServlet'
2026-07-10 16:18:49 INFO  DispatcherServlet - Completed initialization in 2 ms
2026-07-10 16:18:49 INFO  JwtAuthenticationFilter - Incoming request: /swagger-ui.html
2026-07-10 16:18:49 DEBUG RouteValidator - Route [/swagger-ui.html] is PUBLIC
2026-07-10 16:18:49 INFO  JwtAuthenticationFilter - Public endpoint accessed: /swagger-ui.html
2026-07-10 16:18:49 INFO  JwtAuthenticationFilter - Incoming request: /swagger-ui/index.html
2026-07-10 16:18:49 DEBUG RouteValidator - Route [/swagger-ui/index.html] is PUBLIC
2026-07-10 16:18:49 INFO  JwtAuthenticationFilter - Public endpoint accessed: /swagger-ui/index.html
2026-07-10 16:18:49 INFO  JwtAuthenticationFilter - Incoming request: /swagger-ui/index.css
2026-07-10 16:18:49 INFO  JwtAuthenticationFilter - Incoming request: /swagger-ui/swagger-ui.css
2026-07-10 16:18:49 DEBUG RouteValidator - Route [/swagger-ui/index.css] is PUBLIC
2026-07-10 16:18:49 DEBUG RouteValidator - Route [/swagger-ui/swagger-ui.css] is PUBLIC
2026-07-10 16:18:49 INFO  JwtAuthenticationFilter - Public endpoint accessed: /swagger-ui/index.css
2026-07-10 16:18:49 INFO  JwtAuthenticationFilter - Incoming request: /swagger-ui/swagger-ui-standalone-preset.js
2026-07-10 16:18:49 INFO  JwtAuthenticationFilter - Public endpoint accessed: /swagger-ui/swagger-ui.css
2026-07-10 16:18:49 INFO  JwtAuthenticationFilter - Incoming request: /swagger-ui/swagger-ui-bundle.js
2026-07-10 16:18:49 INFO  JwtAuthenticationFilter - Incoming request: /swagger-ui/swagger-initializer.js
2026-07-10 16:18:49 DEBUG RouteValidator - Route [/swagger-ui/swagger-ui-standalone-preset.js] is PUBLIC
2026-07-10 16:18:49 DEBUG RouteValidator - Route [/swagger-ui/swagger-ui-bundle.js] is PUBLIC
2026-07-10 16:18:49 DEBUG RouteValidator - Route [/swagger-ui/swagger-initializer.js] is PUBLIC
2026-07-10 16:18:49 INFO  JwtAuthenticationFilter - Public endpoint accessed: /swagger-ui/swagger-ui-standalone-preset.js
2026-07-10 16:18:49 INFO  JwtAuthenticationFilter - Public endpoint accessed: /swagger-ui/swagger-ui-bundle.js
2026-07-10 16:18:49 INFO  JwtAuthenticationFilter - Public endpoint accessed: /swagger-ui/swagger-initializer.js
2026-07-10 16:18:49 INFO  JwtAuthenticationFilter - Incoming request: /v3/api-docs/swagger-config
2026-07-10 16:18:49 DEBUG RouteValidator - Route [/v3/api-docs/swagger-config] is PUBLIC
2026-07-10 16:18:49 INFO  JwtAuthenticationFilter - Public endpoint accessed: /v3/api-docs/swagger-config
2026-07-10 16:18:49 INFO  JwtAuthenticationFilter - Incoming request: /screening/v3/api-docs
2026-07-10 16:18:49 DEBUG RouteValidator - Route [/screening/v3/api-docs] is PUBLIC
2026-07-10 16:18:49 INFO  JwtAuthenticationFilter - Public endpoint accessed: /screening/v3/api-docs
2026-07-10 16:18:55 INFO  JwtAuthenticationFilter - Incoming request: /auth/v3/api-docs
2026-07-10 16:18:55 DEBUG RouteValidator - Route [/auth/v3/api-docs] is PUBLIC
2026-07-10 16:18:55 INFO  JwtAuthenticationFilter - Public endpoint accessed: /auth/v3/api-docs
2026-07-10 16:18:57 INFO  JwtAuthenticationFilter - Incoming request: /candidate/v3/api-docs
2026-07-10 16:18:57 DEBUG RouteValidator - Route [/candidate/v3/api-docs] is PUBLIC
2026-07-10 16:18:57 INFO  JwtAuthenticationFilter - Public endpoint accessed: /candidate/v3/api-docs
2026-07-10 16:18:59 INFO  JwtAuthenticationFilter - Incoming request: /jobs/v3/api-docs
2026-07-10 16:18:59 DEBUG RouteValidator - Route [/jobs/v3/api-docs] is PUBLIC
2026-07-10 16:18:59 INFO  JwtAuthenticationFilter - Public endpoint accessed: /jobs/v3/api-docs
2026-07-10 16:19:01 INFO  JwtAuthenticationFilter - Incoming request: /notification/v3/api-docs
2026-07-10 16:19:01 DEBUG RouteValidator - Route [/notification/v3/api-docs] is PUBLIC
2026-07-10 16:19:01 INFO  JwtAuthenticationFilter - Public endpoint accessed: /notification/v3/api-docs
2026-07-10 16:19:04 INFO  JwtAuthenticationFilter - Incoming request: /screening/v3/api-docs
2026-07-10 16:19:04 DEBUG RouteValidator - Route [/screening/v3/api-docs] is PUBLIC
2026-07-10 16:19:04 INFO  JwtAuthenticationFilter - Public endpoint accessed: /screening/v3/api-docs
